port number = 8999

Starting the audit load


The Monitor Check Monitor/getApps_json.pl  path "/home/common/eps/monitors/Monitor/apps.config" has been started...
The Monitor Check Monitor/WebSpaceMb_json.pl  path "/home/common/eps/monitors/Monitor/systemdirs.config" has been started...
The Monitor Check Monitor/AEMErrorCount.pl  SqlLib "/home/common/eps/monitors/sql/" market "BATCH3" Log "/home/common/eps/monitors/log/" ignore_list "" MpsLib "" title "AEM:ErrorCount" sql_query "aemerrorcount.sql" has been started...
The Monitor Check Monitor/OvpCount.pl  has been started...
Starting the Dialer load


Mps Monitor Server Has Started!!!!
java.io.IOException: Cannot run program "callVictim": java.io.IOException: error=2, No such file or directory
	at java.lang.ProcessBuilder.start(ProcessBuilder.java:460)
	at java.lang.Runtime.exec(Runtime.java:593)
	at java.lang.Runtime.exec(Runtime.java:431)
	at java.lang.Runtime.exec(Runtime.java:328)
	at com.uscc.monitor.CallProcess.exec(CallProcess.java:64)
	at com.uscc.monitor.DialerCheck.pageOncall(DialerCheck.java:138)
	at com.uscc.monitor.DialerCheck.access$300(DialerCheck.java:22)
	at com.uscc.monitor.DialerCheck$1.run(DialerCheck.java:120)
	at com.uscc.timer.Scheduler$SchedulerTimerTask.run(Scheduler.java:34)
	at java.util.TimerThread.mainLoop(Timer.java:512)
	at java.util.TimerThread.run(Timer.java:462)
Caused by: java.io.IOException: java.io.IOException: error=2, No such file or directory
	at java.lang.UNIXProcess.<init>(UNIXProcess.java:148)
	at java.lang.ProcessImpl.start(ProcessImpl.java:65)
	at java.lang.ProcessBuilder.start(ProcessBuilder.java:453)
	... 10 more
java.io.IOException: Cannot run program "callVictim": java.io.IOException: error=2, No such file or directory
	at java.lang.ProcessBuilder.start(ProcessBuilder.java:460)
	at java.lang.Runtime.exec(Runtime.java:593)
	at java.lang.Runtime.exec(Runtime.java:431)
	at java.lang.Runtime.exec(Runtime.java:328)
	at com.uscc.monitor.CallProcess.exec(CallProcess.java:64)
	at com.uscc.monitor.DialerCheck.pageOncall(DialerCheck.java:138)
	at com.uscc.monitor.DialerCheck.access$300(DialerCheck.java:22)
	at com.uscc.monitor.DialerCheck$1.run(DialerCheck.java:120)
	at com.uscc.timer.Scheduler$SchedulerTimerTask.run(Scheduler.java:34)
	at java.util.TimerThread.mainLoop(Timer.java:512)
	at java.util.TimerThread.run(Timer.java:462)
Caused by: java.io.IOException: java.io.IOException: error=2, No such file or directory
	at java.lang.UNIXProcess.<init>(UNIXProcess.java:148)
	at java.lang.ProcessImpl.start(ProcessImpl.java:65)
	at java.lang.ProcessBuilder.start(ProcessBuilder.java:453)
	... 10 more
java.io.IOException: Cannot run program "callVictim": java.io.IOException: error=2, No such file or directory
	at java.lang.ProcessBuilder.start(ProcessBuilder.java:460)
	at java.lang.Runtime.exec(Runtime.java:593)
	at java.lang.Runtime.exec(Runtime.java:431)
	at java.lang.Runtime.exec(Runtime.java:328)
	at com.uscc.monitor.CallProcess.exec(CallProcess.java:64)
	at com.uscc.monitor.DialerCheck.pageOncall(DialerCheck.java:138)
	at com.uscc.monitor.DialerCheck.access$300(DialerCheck.java:22)
	at com.uscc.monitor.DialerCheck$1.run(DialerCheck.java:120)
	at com.uscc.timer.Scheduler$SchedulerTimerTask.run(Scheduler.java:34)
	at java.util.TimerThread.mainLoop(Timer.java:512)
	at java.util.TimerThread.run(Timer.java:462)
Caused by: java.io.IOException: java.io.IOException: error=2, No such file or directory
	at java.lang.UNIXProcess.<init>(UNIXProcess.java:148)
	at java.lang.ProcessImpl.start(ProcessImpl.java:65)
	at java.lang.ProcessBuilder.start(ProcessBuilder.java:453)
	... 10 more
java.io.IOException: Cannot run program "callVictim": java.io.IOException: error=2, No such file or directory
	at java.lang.ProcessBuilder.start(ProcessBuilder.java:460)
	at java.lang.Runtime.exec(Runtime.java:593)
	at java.lang.Runtime.exec(Runtime.java:431)
	at java.lang.Runtime.exec(Runtime.java:328)
	at com.uscc.monitor.CallProcess.exec(CallProcess.java:64)
	at com.uscc.monitor.DialerCheck.pageOncall(DialerCheck.java:138)
	at com.uscc.monitor.DialerCheck.access$300(DialerCheck.java:22)
	at com.uscc.monitor.DialerCheck$1.run(DialerCheck.java:120)
	at com.uscc.timer.Scheduler$SchedulerTimerTask.run(Scheduler.java:34)
	at java.util.TimerThread.mainLoop(Timer.java:512)
	at java.util.TimerThread.run(Timer.java:462)
Caused by: java.io.IOException: java.io.IOException: error=2, No such file or directory
	at java.lang.UNIXProcess.<init>(UNIXProcess.java:148)
	at java.lang.ProcessImpl.start(ProcessImpl.java:65)
	at java.lang.ProcessBuilder.start(ProcessBuilder.java:453)
	... 10 more
java.io.IOException: Cannot run program "callVictim": java.io.IOException: error=2, No such file or directory
	at java.lang.ProcessBuilder.start(ProcessBuilder.java:460)
	at java.lang.Runtime.exec(Runtime.java:593)
	at java.lang.Runtime.exec(Runtime.java:431)
	at java.lang.Runtime.exec(Runtime.java:328)
	at com.uscc.monitor.CallProcess.exec(CallProcess.java:64)
	at com.uscc.monitor.DialerCheck.pageOncall(DialerCheck.java:138)
	at com.uscc.monitor.DialerCheck.access$300(DialerCheck.java:22)
	at com.uscc.monitor.DialerCheck$1.run(DialerCheck.java:120)
	at com.uscc.timer.Scheduler$SchedulerTimerTask.run(Scheduler.java:34)
	at java.util.TimerThread.mainLoop(Timer.java:512)
	at java.util.TimerThread.run(Timer.java:462)
Caused by: java.io.IOException: java.io.IOException: error=2, No such file or directory
	at java.lang.UNIXProcess.<init>(UNIXProcess.java:148)
	at java.lang.ProcessImpl.start(ProcessImpl.java:65)
	at java.lang.ProcessBuilder.start(ProcessBuilder.java:453)
	... 10 more
java.io.IOException: Cannot run program "callVictim": java.io.IOException: error=2, No such file or directory
	at java.lang.ProcessBuilder.start(ProcessBuilder.java:460)
	at java.lang.Runtime.exec(Runtime.java:593)
	at java.lang.Runtime.exec(Runtime.java:431)
	at java.lang.Runtime.exec(Runtime.java:328)
	at com.uscc.monitor.CallProcess.exec(CallProcess.java:64)
	at com.uscc.monitor.DialerCheck.pageOncall(DialerCheck.java:138)
	at com.uscc.monitor.DialerCheck.access$300(DialerCheck.java:22)
	at com.uscc.monitor.DialerCheck$1.run(DialerCheck.java:120)
	at com.uscc.timer.Scheduler$SchedulerTimerTask.run(Scheduler.java:34)
	at java.util.TimerThread.mainLoop(Timer.java:512)
	at java.util.TimerThread.run(Timer.java:462)
Caused by: java.io.IOException: java.io.IOException: error=2, No such file or directory
	at java.lang.UNIXProcess.<init>(UNIXProcess.java:148)
	at java.lang.ProcessImpl.start(ProcessImpl.java:65)
	at java.lang.ProcessBuilder.start(ProcessBuilder.java:453)
	... 10 more
java.io.IOException: Cannot run program "callVictim": java.io.IOException: error=2, No such file or directory
	at java.lang.ProcessBuilder.start(ProcessBuilder.java:460)
	at java.lang.Runtime.exec(Runtime.java:593)
	at java.lang.Runtime.exec(Runtime.java:431)
	at java.lang.Runtime.exec(Runtime.java:328)
	at com.uscc.monitor.CallProcess.exec(CallProcess.java:64)
	at com.uscc.monitor.DialerCheck.pageOncall(DialerCheck.java:138)
	at com.uscc.monitor.DialerCheck.access$300(DialerCheck.java:22)
	at com.uscc.monitor.DialerCheck$1.run(DialerCheck.java:120)
	at com.uscc.timer.Scheduler$SchedulerTimerTask.run(Scheduler.java:34)
	at java.util.TimerThread.mainLoop(Timer.java:512)
	at java.util.TimerThread.run(Timer.java:462)
Caused by: java.io.IOException: java.io.IOException: error=2, No such file or directory
	at java.lang.UNIXProcess.<init>(UNIXProcess.java:148)
	at java.lang.ProcessImpl.start(ProcessImpl.java:65)
	at java.lang.ProcessBuilder.start(ProcessBuilder.java:453)
	... 10 more
java.io.IOException: Cannot run program "callVictim": java.io.IOException: error=2, No such file or directory
	at java.lang.ProcessBuilder.start(ProcessBuilder.java:460)
	at java.lang.Runtime.exec(Runtime.java:593)
	at java.lang.Runtime.exec(Runtime.java:431)
	at java.lang.Runtime.exec(Runtime.java:328)
	at com.uscc.monitor.CallProcess.exec(CallProcess.java:64)
	at com.uscc.monitor.DialerCheck.pageOncall(DialerCheck.java:138)
	at com.uscc.monitor.DialerCheck.access$300(DialerCheck.java:22)
	at com.uscc.monitor.DialerCheck$1.run(DialerCheck.java:120)
	at com.uscc.timer.Scheduler$SchedulerTimerTask.run(Scheduler.java:34)
	at java.util.TimerThread.mainLoop(Timer.java:512)
	at java.util.TimerThread.run(Timer.java:462)
Caused by: java.io.IOException: java.io.IOException: error=2, No such file or directory
	at java.lang.UNIXProcess.<init>(UNIXProcess.java:148)
	at java.lang.ProcessImpl.start(ProcessImpl.java:65)
	at java.lang.ProcessBuilder.start(ProcessBuilder.java:453)
	... 10 more
java.io.IOException: Cannot run program "callVictim": java.io.IOException: error=2, No such file or directory
	at java.lang.ProcessBuilder.start(ProcessBuilder.java:460)
	at java.lang.Runtime.exec(Runtime.java:593)
	at java.lang.Runtime.exec(Runtime.java:431)
	at java.lang.Runtime.exec(Runtime.java:328)
	at com.uscc.monitor.CallProcess.exec(CallProcess.java:64)
	at com.uscc.monitor.DialerCheck.pageOncall(DialerCheck.java:138)
	at com.uscc.monitor.DialerCheck.access$300(DialerCheck.java:22)
	at com.uscc.monitor.DialerCheck$1.run(DialerCheck.java:120)
	at com.uscc.timer.Scheduler$SchedulerTimerTask.run(Scheduler.java:34)
	at java.util.TimerThread.mainLoop(Timer.java:512)
	at java.util.TimerThread.run(Timer.java:462)
Caused by: java.io.IOException: java.io.IOException: error=2, No such file or directory
	at java.lang.UNIXProcess.<init>(UNIXProcess.java:148)
	at java.lang.ProcessImpl.start(ProcessImpl.java:65)
	at java.lang.ProcessBuilder.start(ProcessBuilder.java:453)
	... 10 more
java.io.IOException: Cannot run program "callVictim": java.io.IOException: error=2, No such file or directory
	at java.lang.ProcessBuilder.start(ProcessBuilder.java:460)
	at java.lang.Runtime.exec(Runtime.java:593)
	at java.lang.Runtime.exec(Runtime.java:431)
	at java.lang.Runtime.exec(Runtime.java:328)
	at com.uscc.monitor.CallProcess.exec(CallProcess.java:64)
	at com.uscc.monitor.DialerCheck.pageOncall(DialerCheck.java:138)
	at com.uscc.monitor.DialerCheck.access$300(DialerCheck.java:22)
	at com.uscc.monitor.DialerCheck$1.run(DialerCheck.java:120)
	at com.uscc.timer.Scheduler$SchedulerTimerTask.run(Scheduler.java:34)
	at java.util.TimerThread.mainLoop(Timer.java:512)
	at java.util.TimerThread.run(Timer.java:462)
Caused by: java.io.IOException: java.io.IOException: error=2, No such file or directory
	at java.lang.UNIXProcess.<init>(UNIXProcess.java:148)
	at java.lang.ProcessImpl.start(ProcessImpl.java:65)
	at java.lang.ProcessBuilder.start(ProcessBuilder.java:453)
	... 10 more
java.io.IOException: Cannot run program "callVictim": java.io.IOException: error=2, No such file or directory
	at java.lang.ProcessBuilder.start(ProcessBuilder.java:460)
	at java.lang.Runtime.exec(Runtime.java:593)
	at java.lang.Runtime.exec(Runtime.java:431)
	at java.lang.Runtime.exec(Runtime.java:328)
	at com.uscc.monitor.CallProcess.exec(CallProcess.java:64)
	at com.uscc.monitor.DialerCheck.pageOncall(DialerCheck.java:138)
	at com.uscc.monitor.DialerCheck.access$300(DialerCheck.java:22)
	at com.uscc.monitor.DialerCheck$1.run(DialerCheck.java:120)
	at com.uscc.timer.Scheduler$SchedulerTimerTask.run(Scheduler.java:34)
	at java.util.TimerThread.mainLoop(Timer.java:512)
	at java.util.TimerThread.run(Timer.java:462)
Caused by: java.io.IOException: java.io.IOException: error=2, No such file or directory
	at java.lang.UNIXProcess.<init>(UNIXProcess.java:148)
	at java.lang.ProcessImpl.start(ProcessImpl.java:65)
	at java.lang.ProcessBuilder.start(ProcessBuilder.java:453)
	... 10 more
java.io.IOException: Cannot run program "callVictim": java.io.IOException: error=2, No such file or directory
	at java.lang.ProcessBuilder.start(ProcessBuilder.java:460)
	at java.lang.Runtime.exec(Runtime.java:593)
	at java.lang.Runtime.exec(Runtime.java:431)
	at java.lang.Runtime.exec(Runtime.java:328)
	at com.uscc.monitor.CallProcess.exec(CallProcess.java:64)
	at com.uscc.monitor.DialerCheck.pageOncall(DialerCheck.java:138)
	at com.uscc.monitor.DialerCheck.access$300(DialerCheck.java:22)
	at com.uscc.monitor.DialerCheck$1.run(DialerCheck.java:120)
	at com.uscc.timer.Scheduler$SchedulerTimerTask.run(Scheduler.java:34)
	at java.util.TimerThread.mainLoop(Timer.java:512)
	at java.util.TimerThread.run(Timer.java:462)
Caused by: java.io.IOException: java.io.IOException: error=2, No such file or directory
	at java.lang.UNIXProcess.<init>(UNIXProcess.java:148)
	at java.lang.ProcessImpl.start(ProcessImpl.java:65)
	at java.lang.ProcessBuilder.start(ProcessBuilder.java:453)
	... 10 more
java.io.IOException: Cannot run program "callVictim": java.io.IOException: error=2, No such file or directory
	at java.lang.ProcessBuilder.start(ProcessBuilder.java:460)
	at java.lang.Runtime.exec(Runtime.java:593)
	at java.lang.Runtime.exec(Runtime.java:431)
	at java.lang.Runtime.exec(Runtime.java:328)
	at com.uscc.monitor.CallProcess.exec(CallProcess.java:64)
	at com.uscc.monitor.DialerCheck.pageOncall(DialerCheck.java:138)
	at com.uscc.monitor.DialerCheck.access$300(DialerCheck.java:22)
	at com.uscc.monitor.DialerCheck$1.run(DialerCheck.java:120)
	at com.uscc.timer.Scheduler$SchedulerTimerTask.run(Scheduler.java:34)
	at java.util.TimerThread.mainLoop(Timer.java:512)
	at java.util.TimerThread.run(Timer.java:462)
Caused by: java.io.IOException: java.io.IOException: error=2, No such file or directory
	at java.lang.UNIXProcess.<init>(UNIXProcess.java:148)
	at java.lang.ProcessImpl.start(ProcessImpl.java:65)
	at java.lang.ProcessBuilder.start(ProcessBuilder.java:453)
	... 10 more
java.io.IOException: Cannot run program "callVictim": java.io.IOException: error=2, No such file or directory
	at java.lang.ProcessBuilder.start(ProcessBuilder.java:460)
	at java.lang.Runtime.exec(Runtime.java:593)
	at java.lang.Runtime.exec(Runtime.java:431)
	at java.lang.Runtime.exec(Runtime.java:328)
	at com.uscc.monitor.CallProcess.exec(CallProcess.java:64)
	at com.uscc.monitor.DialerCheck.pageOncall(DialerCheck.java:138)
	at com.uscc.monitor.DialerCheck.access$300(DialerCheck.java:22)
	at com.uscc.monitor.DialerCheck$1.run(DialerCheck.java:120)
	at com.uscc.timer.Scheduler$SchedulerTimerTask.run(Scheduler.java:34)
	at java.util.TimerThread.mainLoop(Timer.java:512)
	at java.util.TimerThread.run(Timer.java:462)
Caused by: java.io.IOException: java.io.IOException: error=2, No such file or directory
	at java.lang.UNIXProcess.<init>(UNIXProcess.java:148)
	at java.lang.ProcessImpl.start(ProcessImpl.java:65)
	at java.lang.ProcessBuilder.start(ProcessBuilder.java:453)
	... 10 more
java.io.IOException: Cannot run program "callVictim": java.io.IOException: error=2, No such file or directory
	at java.lang.ProcessBuilder.start(ProcessBuilder.java:460)
	at java.lang.Runtime.exec(Runtime.java:593)
	at java.lang.Runtime.exec(Runtime.java:431)
	at java.lang.Runtime.exec(Runtime.java:328)
	at com.uscc.monitor.CallProcess.exec(CallProcess.java:64)
	at com.uscc.monitor.DialerCheck.pageOncall(DialerCheck.java:138)
	at com.uscc.monitor.DialerCheck.access$300(DialerCheck.java:22)
	at com.uscc.monitor.DialerCheck$1.run(DialerCheck.java:120)
	at com.uscc.timer.Scheduler$SchedulerTimerTask.run(Scheduler.java:34)
	at java.util.TimerThread.mainLoop(Timer.java:512)
	at java.util.TimerThread.run(Timer.java:462)
Caused by: java.io.IOException: java.io.IOException: error=2, No such file or directory
	at java.lang.UNIXProcess.<init>(UNIXProcess.java:148)
	at java.lang.ProcessImpl.start(ProcessImpl.java:65)
	at java.lang.ProcessBuilder.start(ProcessBuilder.java:453)
	... 10 more
java.io.IOException: Cannot run program "callVictim": java.io.IOException: error=2, No such file or directory
	at java.lang.ProcessBuilder.start(ProcessBuilder.java:460)
	at java.lang.Runtime.exec(Runtime.java:593)
	at java.lang.Runtime.exec(Runtime.java:431)
	at java.lang.Runtime.exec(Runtime.java:328)
	at com.uscc.monitor.CallProcess.exec(CallProcess.java:64)
	at com.uscc.monitor.DialerCheck.pageOncall(DialerCheck.java:138)
	at com.uscc.monitor.DialerCheck.access$300(DialerCheck.java:22)
	at com.uscc.monitor.DialerCheck$1.run(DialerCheck.java:120)
	at com.uscc.timer.Scheduler$SchedulerTimerTask.run(Scheduler.java:34)
	at java.util.TimerThread.mainLoop(Timer.java:512)
	at java.util.TimerThread.run(Timer.java:462)
Caused by: java.io.IOException: java.io.IOException: error=2, No such file or directory
	at java.lang.UNIXProcess.<init>(UNIXProcess.java:148)
	at java.lang.ProcessImpl.start(ProcessImpl.java:65)
	at java.lang.ProcessBuilder.start(ProcessBuilder.java:453)
	... 10 more
java.io.IOException: Cannot run program "callVictim": java.io.IOException: error=2, No such file or directory
	at java.lang.ProcessBuilder.start(ProcessBuilder.java:460)
	at java.lang.Runtime.exec(Runtime.java:593)
	at java.lang.Runtime.exec(Runtime.java:431)
	at java.lang.Runtime.exec(Runtime.java:328)
	at com.uscc.monitor.CallProcess.exec(CallProcess.java:64)
	at com.uscc.monitor.DialerCheck.pageOncall(DialerCheck.java:138)
	at com.uscc.monitor.DialerCheck.access$300(DialerCheck.java:22)
	at com.uscc.monitor.DialerCheck$1.run(DialerCheck.java:120)
	at com.uscc.timer.Scheduler$SchedulerTimerTask.run(Scheduler.java:34)
	at java.util.TimerThread.mainLoop(Timer.java:512)
	at java.util.TimerThread.run(Timer.java:462)
Caused by: java.io.IOException: java.io.IOException: error=2, No such file or directory
	at java.lang.UNIXProcess.<init>(UNIXProcess.java:148)
	at java.lang.ProcessImpl.start(ProcessImpl.java:65)
	at java.lang.ProcessBuilder.start(ProcessBuilder.java:453)
	... 10 more
java.io.IOException: Cannot run program "callVictim": java.io.IOException: error=2, No such file or directory
	at java.lang.ProcessBuilder.start(ProcessBuilder.java:460)
	at java.lang.Runtime.exec(Runtime.java:593)
	at java.lang.Runtime.exec(Runtime.java:431)
	at java.lang.Runtime.exec(Runtime.java:328)
	at com.uscc.monitor.CallProcess.exec(CallProcess.java:64)
	at com.uscc.monitor.DialerCheck.pageOncall(DialerCheck.java:138)
	at com.uscc.monitor.DialerCheck.access$300(DialerCheck.java:22)
	at com.uscc.monitor.DialerCheck$1.run(DialerCheck.java:120)
	at com.uscc.timer.Scheduler$SchedulerTimerTask.run(Scheduler.java:34)
	at java.util.TimerThread.mainLoop(Timer.java:512)
	at java.util.TimerThread.run(Timer.java:462)
Caused by: java.io.IOException: java.io.IOException: error=2, No such file or directory
	at java.lang.UNIXProcess.<init>(UNIXProcess.java:148)
	at java.lang.ProcessImpl.start(ProcessImpl.java:65)
	at java.lang.ProcessBuilder.start(ProcessBuilder.java:453)
	... 10 more
java.io.IOException: Cannot run program "callVictim": java.io.IOException: error=2, No such file or directory
	at java.lang.ProcessBuilder.start(ProcessBuilder.java:460)
	at java.lang.Runtime.exec(Runtime.java:593)
	at java.lang.Runtime.exec(Runtime.java:431)
	at java.lang.Runtime.exec(Runtime.java:328)
	at com.uscc.monitor.CallProcess.exec(CallProcess.java:64)
	at com.uscc.monitor.DialerCheck.pageOncall(DialerCheck.java:138)
	at com.uscc.monitor.DialerCheck.access$300(DialerCheck.java:22)
	at com.uscc.monitor.DialerCheck$1.run(DialerCheck.java:120)
	at com.uscc.timer.Scheduler$SchedulerTimerTask.run(Scheduler.java:34)
	at java.util.TimerThread.mainLoop(Timer.java:512)
	at java.util.TimerThread.run(Timer.java:462)
Caused by: java.io.IOException: java.io.IOException: error=2, No such file or directory
	at java.lang.UNIXProcess.<init>(UNIXProcess.java:148)
	at java.lang.ProcessImpl.start(ProcessImpl.java:65)
	at java.lang.ProcessBuilder.start(ProcessBuilder.java:453)
	... 10 more
java.io.IOException: Cannot run program "callVictim": java.io.IOException: error=2, No such file or directory
	at java.lang.ProcessBuilder.start(ProcessBuilder.java:460)
	at java.lang.Runtime.exec(Runtime.java:593)
	at java.lang.Runtime.exec(Runtime.java:431)
	at java.lang.Runtime.exec(Runtime.java:328)
	at com.uscc.monitor.CallProcess.exec(CallProcess.java:64)
	at com.uscc.monitor.DialerCheck.pageOncall(DialerCheck.java:138)
	at com.uscc.monitor.DialerCheck.access$300(DialerCheck.java:22)
	at com.uscc.monitor.DialerCheck$1.run(DialerCheck.java:120)
	at com.uscc.timer.Scheduler$SchedulerTimerTask.run(Scheduler.java:34)
	at java.util.TimerThread.mainLoop(Timer.java:512)
	at java.util.TimerThread.run(Timer.java:462)
Caused by: java.io.IOException: java.io.IOException: error=2, No such file or directory
	at java.lang.UNIXProcess.<init>(UNIXProcess.java:148)
	at java.lang.ProcessImpl.start(ProcessImpl.java:65)
	at java.lang.ProcessBuilder.start(ProcessBuilder.java:453)
	... 10 more
java.io.IOException: Cannot run program "callVictim": java.io.IOException: error=2, No such file or directory
	at java.lang.ProcessBuilder.start(ProcessBuilder.java:460)
	at java.lang.Runtime.exec(Runtime.java:593)
	at java.lang.Runtime.exec(Runtime.java:431)
	at java.lang.Runtime.exec(Runtime.java:328)
	at com.uscc.monitor.CallProcess.exec(CallProcess.java:64)
	at com.uscc.monitor.DialerCheck.pageOncall(DialerCheck.java:138)
	at com.uscc.monitor.DialerCheck.access$300(DialerCheck.java:22)
	at com.uscc.monitor.DialerCheck$1.run(DialerCheck.java:120)
	at com.uscc.timer.Scheduler$SchedulerTimerTask.run(Scheduler.java:34)
	at java.util.TimerThread.mainLoop(Timer.java:512)
	at java.util.TimerThread.run(Timer.java:462)
Caused by: java.io.IOException: java.io.IOException: error=2, No such file or directory
	at java.lang.UNIXProcess.<init>(UNIXProcess.java:148)
	at java.lang.ProcessImpl.start(ProcessImpl.java:65)
	at java.lang.ProcessBuilder.start(ProcessBuilder.java:453)
	... 10 more
java.io.IOException: Cannot run program "callVictim": java.io.IOException: error=2, No such file or directory
	at java.lang.ProcessBuilder.start(ProcessBuilder.java:460)
	at java.lang.Runtime.exec(Runtime.java:593)
	at java.lang.Runtime.exec(Runtime.java:431)
	at java.lang.Runtime.exec(Runtime.java:328)
	at com.uscc.monitor.CallProcess.exec(CallProcess.java:64)
	at com.uscc.monitor.DialerCheck.pageOncall(DialerCheck.java:138)
	at com.uscc.monitor.DialerCheck.access$300(DialerCheck.java:22)
	at com.uscc.monitor.DialerCheck$1.run(DialerCheck.java:120)
	at com.uscc.timer.Scheduler$SchedulerTimerTask.run(Scheduler.java:34)
	at java.util.TimerThread.mainLoop(Timer.java:512)
	at java.util.TimerThread.run(Timer.java:462)
Caused by: java.io.IOException: java.io.IOException: error=2, No such file or directory
	at java.lang.UNIXProcess.<init>(UNIXProcess.java:148)
	at java.lang.ProcessImpl.start(ProcessImpl.java:65)
	at java.lang.ProcessBuilder.start(ProcessBuilder.java:453)
	... 10 more
java.io.IOException: Cannot run program "callVictim": java.io.IOException: error=2, No such file or directory
	at java.lang.ProcessBuilder.start(ProcessBuilder.java:460)
	at java.lang.Runtime.exec(Runtime.java:593)
	at java.lang.Runtime.exec(Runtime.java:431)
	at java.lang.Runtime.exec(Runtime.java:328)
	at com.uscc.monitor.CallProcess.exec(CallProcess.java:64)
	at com.uscc.monitor.DialerCheck.pageOncall(DialerCheck.java:138)
	at com.uscc.monitor.DialerCheck.access$300(DialerCheck.java:22)
	at com.uscc.monitor.DialerCheck$1.run(DialerCheck.java:120)
	at com.uscc.timer.Scheduler$SchedulerTimerTask.run(Scheduler.java:34)
	at java.util.TimerThread.mainLoop(Timer.java:512)
	at java.util.TimerThread.run(Timer.java:462)
Caused by: java.io.IOException: java.io.IOException: error=2, No such file or directory
	at java.lang.UNIXProcess.<init>(UNIXProcess.java:148)
	at java.lang.ProcessImpl.start(ProcessImpl.java:65)
	at java.lang.ProcessBuilder.start(ProcessBuilder.java:453)
	... 10 more
java.io.IOException: Cannot run program "callVictim": java.io.IOException: error=2, No such file or directory
	at java.lang.ProcessBuilder.start(ProcessBuilder.java:460)
	at java.lang.Runtime.exec(Runtime.java:593)
	at java.lang.Runtime.exec(Runtime.java:431)
	at java.lang.Runtime.exec(Runtime.java:328)
	at com.uscc.monitor.CallProcess.exec(CallProcess.java:64)
	at com.uscc.monitor.DialerCheck.pageOncall(DialerCheck.java:138)
	at com.uscc.monitor.DialerCheck.access$300(DialerCheck.java:22)
	at com.uscc.monitor.DialerCheck$1.run(DialerCheck.java:120)
	at com.uscc.timer.Scheduler$SchedulerTimerTask.run(Scheduler.java:34)
	at java.util.TimerThread.mainLoop(Timer.java:512)
	at java.util.TimerThread.run(Timer.java:462)
Caused by: java.io.IOException: java.io.IOException: error=2, No such file or directory
	at java.lang.UNIXProcess.<init>(UNIXProcess.java:148)
	at java.lang.ProcessImpl.start(ProcessImpl.java:65)
	at java.lang.ProcessBuilder.start(ProcessBuilder.java:453)
	... 10 more
java.io.IOException: Cannot run program "callVictim": java.io.IOException: error=2, No such file or directory
	at java.lang.ProcessBuilder.start(ProcessBuilder.java:460)
	at java.lang.Runtime.exec(Runtime.java:593)
	at java.lang.Runtime.exec(Runtime.java:431)
	at java.lang.Runtime.exec(Runtime.java:328)
	at com.uscc.monitor.CallProcess.exec(CallProcess.java:64)
	at com.uscc.monitor.DialerCheck.pageOncall(DialerCheck.java:138)
	at com.uscc.monitor.DialerCheck.access$300(DialerCheck.java:22)
	at com.uscc.monitor.DialerCheck$1.run(DialerCheck.java:120)
	at com.uscc.timer.Scheduler$SchedulerTimerTask.run(Scheduler.java:34)
	at java.util.TimerThread.mainLoop(Timer.java:512)
	at java.util.TimerThread.run(Timer.java:462)
Caused by: java.io.IOException: java.io.IOException: error=2, No such file or directory
	at java.lang.UNIXProcess.<init>(UNIXProcess.java:148)
	at java.lang.ProcessImpl.start(ProcessImpl.java:65)
	at java.lang.ProcessBuilder.start(ProcessBuilder.java:453)
	... 10 more
java.io.IOException: Cannot run program "callVictim": java.io.IOException: error=2, No such file or directory
	at java.lang.ProcessBuilder.start(ProcessBuilder.java:460)
	at java.lang.Runtime.exec(Runtime.java:593)
	at java.lang.Runtime.exec(Runtime.java:431)
	at java.lang.Runtime.exec(Runtime.java:328)
	at com.uscc.monitor.CallProcess.exec(CallProcess.java:64)
	at com.uscc.monitor.DialerCheck.pageOncall(DialerCheck.java:138)
	at com.uscc.monitor.DialerCheck.access$300(DialerCheck.java:22)
	at com.uscc.monitor.DialerCheck$1.run(DialerCheck.java:120)
	at com.uscc.timer.Scheduler$SchedulerTimerTask.run(Scheduler.java:34)
	at java.util.TimerThread.mainLoop(Timer.java:512)
	at java.util.TimerThread.run(Timer.java:462)
Caused by: java.io.IOException: java.io.IOException: error=2, No such file or directory
	at java.lang.UNIXProcess.<init>(UNIXProcess.java:148)
	at java.lang.ProcessImpl.start(ProcessImpl.java:65)
	at java.lang.ProcessBuilder.start(ProcessBuilder.java:453)
	... 10 more
java.io.IOException: Cannot run program "callVictim": java.io.IOException: error=2, No such file or directory
	at java.lang.ProcessBuilder.start(ProcessBuilder.java:460)
	at java.lang.Runtime.exec(Runtime.java:593)
	at java.lang.Runtime.exec(Runtime.java:431)
	at java.lang.Runtime.exec(Runtime.java:328)
	at com.uscc.monitor.CallProcess.exec(CallProcess.java:64)
	at com.uscc.monitor.DialerCheck.pageOncall(DialerCheck.java:138)
	at com.uscc.monitor.DialerCheck.access$300(DialerCheck.java:22)
	at com.uscc.monitor.DialerCheck$1.run(DialerCheck.java:120)
	at com.uscc.timer.Scheduler$SchedulerTimerTask.run(Scheduler.java:34)
	at java.util.TimerThread.mainLoop(Timer.java:512)
	at java.util.TimerThread.run(Timer.java:462)
Caused by: java.io.IOException: java.io.IOException: error=2, No such file or directory
	at java.lang.UNIXProcess.<init>(UNIXProcess.java:148)
	at java.lang.ProcessImpl.start(ProcessImpl.java:65)
	at java.lang.ProcessBuilder.start(ProcessBuilder.java:453)
	... 10 more
java.io.IOException: Cannot run program "callVictim": java.io.IOException: error=2, No such file or directory
	at java.lang.ProcessBuilder.start(ProcessBuilder.java:460)
	at java.lang.Runtime.exec(Runtime.java:593)
	at java.lang.Runtime.exec(Runtime.java:431)
	at java.lang.Runtime.exec(Runtime.java:328)
	at com.uscc.monitor.CallProcess.exec(CallProcess.java:64)
	at com.uscc.monitor.DialerCheck.pageOncall(DialerCheck.java:138)
	at com.uscc.monitor.DialerCheck.access$300(DialerCheck.java:22)
	at com.uscc.monitor.DialerCheck$1.run(DialerCheck.java:120)
	at com.uscc.timer.Scheduler$SchedulerTimerTask.run(Scheduler.java:34)
	at java.util.TimerThread.mainLoop(Timer.java:512)
	at java.util.TimerThread.run(Timer.java:462)
Caused by: java.io.IOException: java.io.IOException: error=2, No such file or directory
	at java.lang.UNIXProcess.<init>(UNIXProcess.java:148)
	at java.lang.ProcessImpl.start(ProcessImpl.java:65)
	at java.lang.ProcessBuilder.start(ProcessBuilder.java:453)
	... 10 more
java.io.IOException: Cannot run program "callVictim": java.io.IOException: error=2, No such file or directory
	at java.lang.ProcessBuilder.start(ProcessBuilder.java:460)
	at java.lang.Runtime.exec(Runtime.java:593)
	at java.lang.Runtime.exec(Runtime.java:431)
	at java.lang.Runtime.exec(Runtime.java:328)
	at com.uscc.monitor.CallProcess.exec(CallProcess.java:64)
	at com.uscc.monitor.DialerCheck.pageOncall(DialerCheck.java:138)
	at com.uscc.monitor.DialerCheck.access$300(DialerCheck.java:22)
	at com.uscc.monitor.DialerCheck$1.run(DialerCheck.java:120)
	at com.uscc.timer.Scheduler$SchedulerTimerTask.run(Scheduler.java:34)
	at java.util.TimerThread.mainLoop(Timer.java:512)
	at java.util.TimerThread.run(Timer.java:462)
Caused by: java.io.IOException: java.io.IOException: error=2, No such file or directory
	at java.lang.UNIXProcess.<init>(UNIXProcess.java:148)
	at java.lang.ProcessImpl.start(ProcessImpl.java:65)
	at java.lang.ProcessBuilder.start(ProcessBuilder.java:453)
	... 10 more
java.io.IOException: Cannot run program "callVictim": java.io.IOException: error=2, No such file or directory
	at java.lang.ProcessBuilder.start(ProcessBuilder.java:460)
	at java.lang.Runtime.exec(Runtime.java:593)
	at java.lang.Runtime.exec(Runtime.java:431)
	at java.lang.Runtime.exec(Runtime.java:328)
	at com.uscc.monitor.CallProcess.exec(CallProcess.java:64)
	at com.uscc.monitor.DialerCheck.pageOncall(DialerCheck.java:138)
	at com.uscc.monitor.DialerCheck.access$300(DialerCheck.java:22)
	at com.uscc.monitor.DialerCheck$1.run(DialerCheck.java:120)
	at com.uscc.timer.Scheduler$SchedulerTimerTask.run(Scheduler.java:34)
	at java.util.TimerThread.mainLoop(Timer.java:512)
	at java.util.TimerThread.run(Timer.java:462)
Caused by: java.io.IOException: java.io.IOException: error=2, No such file or directory
	at java.lang.UNIXProcess.<init>(UNIXProcess.java:148)
	at java.lang.ProcessImpl.start(ProcessImpl.java:65)
	at java.lang.ProcessBuilder.start(ProcessBuilder.java:453)
	... 10 more
java.io.IOException: Cannot run program "callVictim": java.io.IOException: error=2, No such file or directory
	at java.lang.ProcessBuilder.start(ProcessBuilder.java:460)
	at java.lang.Runtime.exec(Runtime.java:593)
	at java.lang.Runtime.exec(Runtime.java:431)
	at java.lang.Runtime.exec(Runtime.java:328)
	at com.uscc.monitor.CallProcess.exec(CallProcess.java:64)
	at com.uscc.monitor.DialerCheck.pageOncall(DialerCheck.java:138)
	at com.uscc.monitor.DialerCheck.access$300(DialerCheck.java:22)
	at com.uscc.monitor.DialerCheck$1.run(DialerCheck.java:120)
	at com.uscc.timer.Scheduler$SchedulerTimerTask.run(Scheduler.java:34)
	at java.util.TimerThread.mainLoop(Timer.java:512)
	at java.util.TimerThread.run(Timer.java:462)
Caused by: java.io.IOException: java.io.IOException: error=2, No such file or directory
	at java.lang.UNIXProcess.<init>(UNIXProcess.java:148)
	at java.lang.ProcessImpl.start(ProcessImpl.java:65)
	at java.lang.ProcessBuilder.start(ProcessBuilder.java:453)
	... 10 more
java.io.IOException: Cannot run program "callVictim": java.io.IOException: error=2, No such file or directory
	at java.lang.ProcessBuilder.start(ProcessBuilder.java:460)
	at java.lang.Runtime.exec(Runtime.java:593)
	at java.lang.Runtime.exec(Runtime.java:431)
	at java.lang.Runtime.exec(Runtime.java:328)
	at com.uscc.monitor.CallProcess.exec(CallProcess.java:64)
	at com.uscc.monitor.DialerCheck.pageOncall(DialerCheck.java:138)
	at com.uscc.monitor.DialerCheck.access$300(DialerCheck.java:22)
	at com.uscc.monitor.DialerCheck$1.run(DialerCheck.java:120)
	at com.uscc.timer.Scheduler$SchedulerTimerTask.run(Scheduler.java:34)
	at java.util.TimerThread.mainLoop(Timer.java:512)
	at java.util.TimerThread.run(Timer.java:462)
Caused by: java.io.IOException: java.io.IOException: error=2, No such file or directory
	at java.lang.UNIXProcess.<init>(UNIXProcess.java:148)
	at java.lang.ProcessImpl.start(ProcessImpl.java:65)
	at java.lang.ProcessBuilder.start(ProcessBuilder.java:453)
	... 10 more
java.io.IOException: Cannot run program "callVictim": java.io.IOException: error=2, No such file or directory
	at java.lang.ProcessBuilder.start(ProcessBuilder.java:460)
	at java.lang.Runtime.exec(Runtime.java:593)
	at java.lang.Runtime.exec(Runtime.java:431)
	at java.lang.Runtime.exec(Runtime.java:328)
	at com.uscc.monitor.CallProcess.exec(CallProcess.java:64)
	at com.uscc.monitor.DialerCheck.pageOncall(DialerCheck.java:138)
	at com.uscc.monitor.DialerCheck.access$300(DialerCheck.java:22)
	at com.uscc.monitor.DialerCheck$1.run(DialerCheck.java:120)
	at com.uscc.timer.Scheduler$SchedulerTimerTask.run(Scheduler.java:34)
	at java.util.TimerThread.mainLoop(Timer.java:512)
	at java.util.TimerThread.run(Timer.java:462)
Caused by: java.io.IOException: java.io.IOException: error=2, No such file or directory
	at java.lang.UNIXProcess.<init>(UNIXProcess.java:148)
	at java.lang.ProcessImpl.start(ProcessImpl.java:65)
	at java.lang.ProcessBuilder.start(ProcessBuilder.java:453)
	... 10 more
java.io.IOException: Cannot run program "callVictim": java.io.IOException: error=2, No such file or directory
	at java.lang.ProcessBuilder.start(ProcessBuilder.java:460)
	at java.lang.Runtime.exec(Runtime.java:593)
	at java.lang.Runtime.exec(Runtime.java:431)
	at java.lang.Runtime.exec(Runtime.java:328)
	at com.uscc.monitor.CallProcess.exec(CallProcess.java:64)
	at com.uscc.monitor.DialerCheck.pageOncall(DialerCheck.java:138)
	at com.uscc.monitor.DialerCheck.access$300(DialerCheck.java:22)
	at com.uscc.monitor.DialerCheck$1.run(DialerCheck.java:120)
	at com.uscc.timer.Scheduler$SchedulerTimerTask.run(Scheduler.java:34)
	at java.util.TimerThread.mainLoop(Timer.java:512)
	at java.util.TimerThread.run(Timer.java:462)
Caused by: java.io.IOException: java.io.IOException: error=2, No such file or directory
	at java.lang.UNIXProcess.<init>(UNIXProcess.java:148)
	at java.lang.ProcessImpl.start(ProcessImpl.java:65)
	at java.lang.ProcessBuilder.start(ProcessBuilder.java:453)
	... 10 more
java.io.IOException: Cannot run program "callVictim": java.io.IOException: error=2, No such file or directory
	at java.lang.ProcessBuilder.start(ProcessBuilder.java:460)
	at java.lang.Runtime.exec(Runtime.java:593)
	at java.lang.Runtime.exec(Runtime.java:431)
	at java.lang.Runtime.exec(Runtime.java:328)
	at com.uscc.monitor.CallProcess.exec(CallProcess.java:64)
	at com.uscc.monitor.DialerCheck.pageOncall(DialerCheck.java:138)
	at com.uscc.monitor.DialerCheck.access$300(DialerCheck.java:22)
	at com.uscc.monitor.DialerCheck$1.run(DialerCheck.java:120)
	at com.uscc.timer.Scheduler$SchedulerTimerTask.run(Scheduler.java:34)
	at java.util.TimerThread.mainLoop(Timer.java:512)
	at java.util.TimerThread.run(Timer.java:462)
Caused by: java.io.IOException: java.io.IOException: error=2, No such file or directory
	at java.lang.UNIXProcess.<init>(UNIXProcess.java:148)
	at java.lang.ProcessImpl.start(ProcessImpl.java:65)
	at java.lang.ProcessBuilder.start(ProcessBuilder.java:453)
	... 10 more
java.io.IOException: Cannot run program "callVictim": java.io.IOException: error=2, No such file or directory
	at java.lang.ProcessBuilder.start(ProcessBuilder.java:460)
	at java.lang.Runtime.exec(Runtime.java:593)
	at java.lang.Runtime.exec(Runtime.java:431)
	at java.lang.Runtime.exec(Runtime.java:328)
	at com.uscc.monitor.CallProcess.exec(CallProcess.java:64)
	at com.uscc.monitor.DialerCheck.pageOncall(DialerCheck.java:138)
	at com.uscc.monitor.DialerCheck.access$300(DialerCheck.java:22)
	at com.uscc.monitor.DialerCheck$1.run(DialerCheck.java:120)
	at com.uscc.timer.Scheduler$SchedulerTimerTask.run(Scheduler.java:34)
	at java.util.TimerThread.mainLoop(Timer.java:512)
	at java.util.TimerThread.run(Timer.java:462)
Caused by: java.io.IOException: java.io.IOException: error=2, No such file or directory
	at java.lang.UNIXProcess.<init>(UNIXProcess.java:148)
	at java.lang.ProcessImpl.start(ProcessImpl.java:65)
	at java.lang.ProcessBuilder.start(ProcessBuilder.java:453)
	... 10 more
java.io.IOException: Cannot run program "callVictim": java.io.IOException: error=2, No such file or directory
	at java.lang.ProcessBuilder.start(ProcessBuilder.java:460)
	at java.lang.Runtime.exec(Runtime.java:593)
	at java.lang.Runtime.exec(Runtime.java:431)
	at java.lang.Runtime.exec(Runtime.java:328)
	at com.uscc.monitor.CallProcess.exec(CallProcess.java:64)
	at com.uscc.monitor.DialerCheck.pageOncall(DialerCheck.java:138)
	at com.uscc.monitor.DialerCheck.access$300(DialerCheck.java:22)
	at com.uscc.monitor.DialerCheck$1.run(DialerCheck.java:120)
	at com.uscc.timer.Scheduler$SchedulerTimerTask.run(Scheduler.java:34)
	at java.util.TimerThread.mainLoop(Timer.java:512)
	at java.util.TimerThread.run(Timer.java:462)
Caused by: java.io.IOException: java.io.IOException: error=2, No such file or directory
	at java.lang.UNIXProcess.<init>(UNIXProcess.java:148)
	at java.lang.ProcessImpl.start(ProcessImpl.java:65)
	at java.lang.ProcessBuilder.start(ProcessBuilder.java:453)
	... 10 more
java.io.IOException: Cannot run program "callVictim": java.io.IOException: error=2, No such file or directory
	at java.lang.ProcessBuilder.start(ProcessBuilder.java:460)
	at java.lang.Runtime.exec(Runtime.java:593)
	at java.lang.Runtime.exec(Runtime.java:431)
	at java.lang.Runtime.exec(Runtime.java:328)
	at com.uscc.monitor.CallProcess.exec(CallProcess.java:64)
	at com.uscc.monitor.DialerCheck.pageOncall(DialerCheck.java:138)
	at com.uscc.monitor.DialerCheck.access$300(DialerCheck.java:22)
	at com.uscc.monitor.DialerCheck$1.run(DialerCheck.java:120)
	at com.uscc.timer.Scheduler$SchedulerTimerTask.run(Scheduler.java:34)
	at java.util.TimerThread.mainLoop(Timer.java:512)
	at java.util.TimerThread.run(Timer.java:462)
Caused by: java.io.IOException: java.io.IOException: error=2, No such file or directory
	at java.lang.UNIXProcess.<init>(UNIXProcess.java:148)
	at java.lang.ProcessImpl.start(ProcessImpl.java:65)
	at java.lang.ProcessBuilder.start(ProcessBuilder.java:453)
	... 10 more
java.io.IOException: Cannot run program "callVictim": java.io.IOException: error=2, No such file or directory
	at java.lang.ProcessBuilder.start(ProcessBuilder.java:460)
	at java.lang.Runtime.exec(Runtime.java:593)
	at java.lang.Runtime.exec(Runtime.java:431)
	at java.lang.Runtime.exec(Runtime.java:328)
	at com.uscc.monitor.CallProcess.exec(CallProcess.java:64)
	at com.uscc.monitor.DialerCheck.pageOncall(DialerCheck.java:138)
	at com.uscc.monitor.DialerCheck.access$300(DialerCheck.java:22)
	at com.uscc.monitor.DialerCheck$1.run(DialerCheck.java:120)
	at com.uscc.timer.Scheduler$SchedulerTimerTask.run(Scheduler.java:34)
	at java.util.TimerThread.mainLoop(Timer.java:512)
	at java.util.TimerThread.run(Timer.java:462)
Caused by: java.io.IOException: java.io.IOException: error=2, No such file or directory
	at java.lang.UNIXProcess.<init>(UNIXProcess.java:148)
	at java.lang.ProcessImpl.start(ProcessImpl.java:65)
	at java.lang.ProcessBuilder.start(ProcessBuilder.java:453)
	... 10 more
java.io.IOException: Cannot run program "callVictim": java.io.IOException: error=2, No such file or directory
	at java.lang.ProcessBuilder.start(ProcessBuilder.java:460)
	at java.lang.Runtime.exec(Runtime.java:593)
	at java.lang.Runtime.exec(Runtime.java:431)
	at java.lang.Runtime.exec(Runtime.java:328)
	at com.uscc.monitor.CallProcess.exec(CallProcess.java:64)
	at com.uscc.monitor.DialerCheck.pageOncall(DialerCheck.java:138)
	at com.uscc.monitor.DialerCheck.access$300(DialerCheck.java:22)
	at com.uscc.monitor.DialerCheck$1.run(DialerCheck.java:120)
	at com.uscc.timer.Scheduler$SchedulerTimerTask.run(Scheduler.java:34)
	at java.util.TimerThread.mainLoop(Timer.java:512)
	at java.util.TimerThread.run(Timer.java:462)
Caused by: java.io.IOException: java.io.IOException: error=2, No such file or directory
	at java.lang.UNIXProcess.<init>(UNIXProcess.java:148)
	at java.lang.ProcessImpl.start(ProcessImpl.java:65)
	at java.lang.ProcessBuilder.start(ProcessBuilder.java:453)
	... 10 more
java.io.IOException: Cannot run program "callVictim": java.io.IOException: error=2, No such file or directory
	at java.lang.ProcessBuilder.start(ProcessBuilder.java:460)
	at java.lang.Runtime.exec(Runtime.java:593)
	at java.lang.Runtime.exec(Runtime.java:431)
	at java.lang.Runtime.exec(Runtime.java:328)
	at com.uscc.monitor.CallProcess.exec(CallProcess.java:64)
	at com.uscc.monitor.DialerCheck.pageOncall(DialerCheck.java:138)
	at com.uscc.monitor.DialerCheck.access$300(DialerCheck.java:22)
	at com.uscc.monitor.DialerCheck$1.run(DialerCheck.java:120)
	at com.uscc.timer.Scheduler$SchedulerTimerTask.run(Scheduler.java:34)
	at java.util.TimerThread.mainLoop(Timer.java:512)
	at java.util.TimerThread.run(Timer.java:462)
Caused by: java.io.IOException: java.io.IOException: error=2, No such file or directory
	at java.lang.UNIXProcess.<init>(UNIXProcess.java:148)
	at java.lang.ProcessImpl.start(ProcessImpl.java:65)
	at java.lang.ProcessBuilder.start(ProcessBuilder.java:453)
	... 10 more
java.io.IOException: Cannot run program "callVictim": java.io.IOException: error=2, No such file or directory
	at java.lang.ProcessBuilder.start(ProcessBuilder.java:460)
	at java.lang.Runtime.exec(Runtime.java:593)
	at java.lang.Runtime.exec(Runtime.java:431)
	at java.lang.Runtime.exec(Runtime.java:328)
	at com.uscc.monitor.CallProcess.exec(CallProcess.java:64)
	at com.uscc.monitor.DialerCheck.pageOncall(DialerCheck.java:138)
	at com.uscc.monitor.DialerCheck.access$300(DialerCheck.java:22)
	at com.uscc.monitor.DialerCheck$1.run(DialerCheck.java:120)
	at com.uscc.timer.Scheduler$SchedulerTimerTask.run(Scheduler.java:34)
	at java.util.TimerThread.mainLoop(Timer.java:512)
	at java.util.TimerThread.run(Timer.java:462)
Caused by: java.io.IOException: java.io.IOException: error=2, No such file or directory
	at java.lang.UNIXProcess.<init>(UNIXProcess.java:148)
	at java.lang.ProcessImpl.start(ProcessImpl.java:65)
	at java.lang.ProcessBuilder.start(ProcessBuilder.java:453)
	... 10 more
java.io.IOException: Cannot run program "callVictim": java.io.IOException: error=2, No such file or directory
	at java.lang.ProcessBuilder.start(ProcessBuilder.java:460)
	at java.lang.Runtime.exec(Runtime.java:593)
	at java.lang.Runtime.exec(Runtime.java:431)
	at java.lang.Runtime.exec(Runtime.java:328)
	at com.uscc.monitor.CallProcess.exec(CallProcess.java:64)
	at com.uscc.monitor.DialerCheck.pageOncall(DialerCheck.java:138)
	at com.uscc.monitor.DialerCheck.access$300(DialerCheck.java:22)
	at com.uscc.monitor.DialerCheck$1.run(DialerCheck.java:120)
	at com.uscc.timer.Scheduler$SchedulerTimerTask.run(Scheduler.java:34)
	at java.util.TimerThread.mainLoop(Timer.java:512)
	at java.util.TimerThread.run(Timer.java:462)
Caused by: java.io.IOException: java.io.IOException: error=2, No such file or directory
	at java.lang.UNIXProcess.<init>(UNIXProcess.java:148)
	at java.lang.ProcessImpl.start(ProcessImpl.java:65)
	at java.lang.ProcessBuilder.start(ProcessBuilder.java:453)
	... 10 more
java.io.IOException: Cannot run program "callVictim": java.io.IOException: error=2, No such file or directory
	at java.lang.ProcessBuilder.start(ProcessBuilder.java:460)
	at java.lang.Runtime.exec(Runtime.java:593)
	at java.lang.Runtime.exec(Runtime.java:431)
	at java.lang.Runtime.exec(Runtime.java:328)
	at com.uscc.monitor.CallProcess.exec(CallProcess.java:64)
	at com.uscc.monitor.DialerCheck.pageOncall(DialerCheck.java:138)
	at com.uscc.monitor.DialerCheck.access$300(DialerCheck.java:22)
	at com.uscc.monitor.DialerCheck$1.run(DialerCheck.java:120)
	at com.uscc.timer.Scheduler$SchedulerTimerTask.run(Scheduler.java:34)
	at java.util.TimerThread.mainLoop(Timer.java:512)
	at java.util.TimerThread.run(Timer.java:462)
Caused by: java.io.IOException: java.io.IOException: error=2, No such file or directory
	at java.lang.UNIXProcess.<init>(UNIXProcess.java:148)
	at java.lang.ProcessImpl.start(ProcessImpl.java:65)
	at java.lang.ProcessBuilder.start(ProcessBuilder.java:453)
	... 10 more
java.io.IOException: Cannot run program "callVictim": java.io.IOException: error=2, No such file or directory
	at java.lang.ProcessBuilder.start(ProcessBuilder.java:460)
	at java.lang.Runtime.exec(Runtime.java:593)
	at java.lang.Runtime.exec(Runtime.java:431)
	at java.lang.Runtime.exec(Runtime.java:328)
	at com.uscc.monitor.CallProcess.exec(CallProcess.java:64)
	at com.uscc.monitor.DialerCheck.pageOncall(DialerCheck.java:138)
	at com.uscc.monitor.DialerCheck.access$300(DialerCheck.java:22)
	at com.uscc.monitor.DialerCheck$1.run(DialerCheck.java:120)
	at com.uscc.timer.Scheduler$SchedulerTimerTask.run(Scheduler.java:34)
	at java.util.TimerThread.mainLoop(Timer.java:512)
	at java.util.TimerThread.run(Timer.java:462)
Caused by: java.io.IOException: java.io.IOException: error=2, No such file or directory
	at java.lang.UNIXProcess.<init>(UNIXProcess.java:148)
	at java.lang.ProcessImpl.start(ProcessImpl.java:65)
	at java.lang.ProcessBuilder.start(ProcessBuilder.java:453)
	... 10 more
java.io.IOException: Cannot run program "callVictim": java.io.IOException: error=2, No such file or directory
	at java.lang.ProcessBuilder.start(ProcessBuilder.java:460)
	at java.lang.Runtime.exec(Runtime.java:593)
	at java.lang.Runtime.exec(Runtime.java:431)
	at java.lang.Runtime.exec(Runtime.java:328)
	at com.uscc.monitor.CallProcess.exec(CallProcess.java:64)
	at com.uscc.monitor.DialerCheck.pageOncall(DialerCheck.java:138)
	at com.uscc.monitor.DialerCheck.access$300(DialerCheck.java:22)
	at com.uscc.monitor.DialerCheck$1.run(DialerCheck.java:120)
	at com.uscc.timer.Scheduler$SchedulerTimerTask.run(Scheduler.java:34)
	at java.util.TimerThread.mainLoop(Timer.java:512)
	at java.util.TimerThread.run(Timer.java:462)
Caused by: java.io.IOException: java.io.IOException: error=2, No such file or directory
	at java.lang.UNIXProcess.<init>(UNIXProcess.java:148)
	at java.lang.ProcessImpl.start(ProcessImpl.java:65)
	at java.lang.ProcessBuilder.start(ProcessBuilder.java:453)
	... 10 more
java.io.IOException: Cannot run program "callVictim": java.io.IOException: error=2, No such file or directory
	at java.lang.ProcessBuilder.start(ProcessBuilder.java:460)
	at java.lang.Runtime.exec(Runtime.java:593)
	at java.lang.Runtime.exec(Runtime.java:431)
	at java.lang.Runtime.exec(Runtime.java:328)
	at com.uscc.monitor.CallProcess.exec(CallProcess.java:64)
	at com.uscc.monitor.DialerCheck.pageOncall(DialerCheck.java:138)
	at com.uscc.monitor.DialerCheck.access$300(DialerCheck.java:22)
	at com.uscc.monitor.DialerCheck$1.run(DialerCheck.java:120)
	at com.uscc.timer.Scheduler$SchedulerTimerTask.run(Scheduler.java:34)
	at java.util.TimerThread.mainLoop(Timer.java:512)
	at java.util.TimerThread.run(Timer.java:462)
Caused by: java.io.IOException: java.io.IOException: error=2, No such file or directory
	at java.lang.UNIXProcess.<init>(UNIXProcess.java:148)
	at java.lang.ProcessImpl.start(ProcessImpl.java:65)
	at java.lang.ProcessBuilder.start(ProcessBuilder.java:453)
	... 10 more
java.io.IOException: Cannot run program "callVictim": java.io.IOException: error=2, No such file or directory
	at java.lang.ProcessBuilder.start(ProcessBuilder.java:460)
	at java.lang.Runtime.exec(Runtime.java:593)
	at java.lang.Runtime.exec(Runtime.java:431)
	at java.lang.Runtime.exec(Runtime.java:328)
	at com.uscc.monitor.CallProcess.exec(CallProcess.java:64)
	at com.uscc.monitor.DialerCheck.pageOncall(DialerCheck.java:138)
	at com.uscc.monitor.DialerCheck.access$300(DialerCheck.java:22)
	at com.uscc.monitor.DialerCheck$1.run(DialerCheck.java:120)
	at com.uscc.timer.Scheduler$SchedulerTimerTask.run(Scheduler.java:34)
	at java.util.TimerThread.mainLoop(Timer.java:512)
	at java.util.TimerThread.run(Timer.java:462)
Caused by: java.io.IOException: java.io.IOException: error=2, No such file or directory
	at java.lang.UNIXProcess.<init>(UNIXProcess.java:148)
	at java.lang.ProcessImpl.start(ProcessImpl.java:65)
	at java.lang.ProcessBuilder.start(ProcessBuilder.java:453)
	... 10 more
java.io.IOException: Cannot run program "callVictim": java.io.IOException: error=2, No such file or directory
	at java.lang.ProcessBuilder.start(ProcessBuilder.java:460)
	at java.lang.Runtime.exec(Runtime.java:593)
	at java.lang.Runtime.exec(Runtime.java:431)
	at java.lang.Runtime.exec(Runtime.java:328)
	at com.uscc.monitor.CallProcess.exec(CallProcess.java:64)
	at com.uscc.monitor.DialerCheck.pageOncall(DialerCheck.java:138)
	at com.uscc.monitor.DialerCheck.access$300(DialerCheck.java:22)
	at com.uscc.monitor.DialerCheck$1.run(DialerCheck.java:120)
	at com.uscc.timer.Scheduler$SchedulerTimerTask.run(Scheduler.java:34)
	at java.util.TimerThread.mainLoop(Timer.java:512)
	at java.util.TimerThread.run(Timer.java:462)
Caused by: java.io.IOException: java.io.IOException: error=2, No such file or directory
	at java.lang.UNIXProcess.<init>(UNIXProcess.java:148)
	at java.lang.ProcessImpl.start(ProcessImpl.java:65)
	at java.lang.ProcessBuilder.start(ProcessBuilder.java:453)
	... 10 more
java.io.IOException: Cannot run program "callVictim": java.io.IOException: error=2, No such file or directory
	at java.lang.ProcessBuilder.start(ProcessBuilder.java:460)
	at java.lang.Runtime.exec(Runtime.java:593)
	at java.lang.Runtime.exec(Runtime.java:431)
	at java.lang.Runtime.exec(Runtime.java:328)
	at com.uscc.monitor.CallProcess.exec(CallProcess.java:64)
	at com.uscc.monitor.DialerCheck.pageOncall(DialerCheck.java:138)
	at com.uscc.monitor.DialerCheck.access$300(DialerCheck.java:22)
	at com.uscc.monitor.DialerCheck$1.run(DialerCheck.java:120)
	at com.uscc.timer.Scheduler$SchedulerTimerTask.run(Scheduler.java:34)
	at java.util.TimerThread.mainLoop(Timer.java:512)
	at java.util.TimerThread.run(Timer.java:462)
Caused by: java.io.IOException: java.io.IOException: error=2, No such file or directory
	at java.lang.UNIXProcess.<init>(UNIXProcess.java:148)
	at java.lang.ProcessImpl.start(ProcessImpl.java:65)
	at java.lang.ProcessBuilder.start(ProcessBuilder.java:453)
	... 10 more
java.io.IOException: Cannot run program "callVictim": java.io.IOException: error=2, No such file or directory
	at java.lang.ProcessBuilder.start(ProcessBuilder.java:460)
	at java.lang.Runtime.exec(Runtime.java:593)
	at java.lang.Runtime.exec(Runtime.java:431)
	at java.lang.Runtime.exec(Runtime.java:328)
	at com.uscc.monitor.CallProcess.exec(CallProcess.java:64)
	at com.uscc.monitor.DialerCheck.pageOncall(DialerCheck.java:138)
	at com.uscc.monitor.DialerCheck.access$300(DialerCheck.java:22)
	at com.uscc.monitor.DialerCheck$1.run(DialerCheck.java:120)
	at com.uscc.timer.Scheduler$SchedulerTimerTask.run(Scheduler.java:34)
	at java.util.TimerThread.mainLoop(Timer.java:512)
	at java.util.TimerThread.run(Timer.java:462)
Caused by: java.io.IOException: java.io.IOException: error=2, No such file or directory
	at java.lang.UNIXProcess.<init>(UNIXProcess.java:148)
	at java.lang.ProcessImpl.start(ProcessImpl.java:65)
	at java.lang.ProcessBuilder.start(ProcessBuilder.java:453)
	... 10 more
java.io.IOException: Cannot run program "callVictim": java.io.IOException: error=2, No such file or directory
	at java.lang.ProcessBuilder.start(ProcessBuilder.java:460)
	at java.lang.Runtime.exec(Runtime.java:593)
	at java.lang.Runtime.exec(Runtime.java:431)
	at java.lang.Runtime.exec(Runtime.java:328)
	at com.uscc.monitor.CallProcess.exec(CallProcess.java:64)
	at com.uscc.monitor.DialerCheck.pageOncall(DialerCheck.java:138)
	at com.uscc.monitor.DialerCheck.access$300(DialerCheck.java:22)
	at com.uscc.monitor.DialerCheck$1.run(DialerCheck.java:120)
	at com.uscc.timer.Scheduler$SchedulerTimerTask.run(Scheduler.java:34)
	at java.util.TimerThread.mainLoop(Timer.java:512)
	at java.util.TimerThread.run(Timer.java:462)
Caused by: java.io.IOException: java.io.IOException: error=2, No such file or directory
	at java.lang.UNIXProcess.<init>(UNIXProcess.java:148)
	at java.lang.ProcessImpl.start(ProcessImpl.java:65)
	at java.lang.ProcessBuilder.start(ProcessBuilder.java:453)
	... 10 more
java.io.IOException: Cannot run program "callVictim": java.io.IOException: error=2, No such file or directory
	at java.lang.ProcessBuilder.start(ProcessBuilder.java:460)
	at java.lang.Runtime.exec(Runtime.java:593)
	at java.lang.Runtime.exec(Runtime.java:431)
	at java.lang.Runtime.exec(Runtime.java:328)
	at com.uscc.monitor.CallProcess.exec(CallProcess.java:64)
	at com.uscc.monitor.DialerCheck.pageOncall(DialerCheck.java:138)
	at com.uscc.monitor.DialerCheck.access$300(DialerCheck.java:22)
	at com.uscc.monitor.DialerCheck$1.run(DialerCheck.java:120)
	at com.uscc.timer.Scheduler$SchedulerTimerTask.run(Scheduler.java:34)
	at java.util.TimerThread.mainLoop(Timer.java:512)
	at java.util.TimerThread.run(Timer.java:462)
Caused by: java.io.IOException: java.io.IOException: error=2, No such file or directory
	at java.lang.UNIXProcess.<init>(UNIXProcess.java:148)
	at java.lang.ProcessImpl.start(ProcessImpl.java:65)
	at java.lang.ProcessBuilder.start(ProcessBuilder.java:453)
	... 10 more
java.io.IOException: Cannot run program "callVictim": java.io.IOException: error=2, No such file or directory
	at java.lang.ProcessBuilder.start(ProcessBuilder.java:460)
	at java.lang.Runtime.exec(Runtime.java:593)
	at java.lang.Runtime.exec(Runtime.java:431)
	at java.lang.Runtime.exec(Runtime.java:328)
	at com.uscc.monitor.CallProcess.exec(CallProcess.java:64)
	at com.uscc.monitor.DialerCheck.pageOncall(DialerCheck.java:138)
	at com.uscc.monitor.DialerCheck.access$300(DialerCheck.java:22)
	at com.uscc.monitor.DialerCheck$1.run(DialerCheck.java:120)
	at com.uscc.timer.Scheduler$SchedulerTimerTask.run(Scheduler.java:34)
	at java.util.TimerThread.mainLoop(Timer.java:512)
	at java.util.TimerThread.run(Timer.java:462)
Caused by: java.io.IOException: java.io.IOException: error=2, No such file or directory
	at java.lang.UNIXProcess.<init>(UNIXProcess.java:148)
	at java.lang.ProcessImpl.start(ProcessImpl.java:65)
	at java.lang.ProcessBuilder.start(ProcessBuilder.java:453)
	... 10 more
java.io.IOException: Cannot run program "callVictim": java.io.IOException: error=2, No such file or directory
	at java.lang.ProcessBuilder.start(ProcessBuilder.java:460)
	at java.lang.Runtime.exec(Runtime.java:593)
	at java.lang.Runtime.exec(Runtime.java:431)
	at java.lang.Runtime.exec(Runtime.java:328)
	at com.uscc.monitor.CallProcess.exec(CallProcess.java:64)
	at com.uscc.monitor.DialerCheck.pageOncall(DialerCheck.java:138)
	at com.uscc.monitor.DialerCheck.access$300(DialerCheck.java:22)
	at com.uscc.monitor.DialerCheck$1.run(DialerCheck.java:120)
	at com.uscc.timer.Scheduler$SchedulerTimerTask.run(Scheduler.java:34)
	at java.util.TimerThread.mainLoop(Timer.java:512)
	at java.util.TimerThread.run(Timer.java:462)
Caused by: java.io.IOException: java.io.IOException: error=2, No such file or directory
	at java.lang.UNIXProcess.<init>(UNIXProcess.java:148)
	at java.lang.ProcessImpl.start(ProcessImpl.java:65)
	at java.lang.ProcessBuilder.start(ProcessBuilder.java:453)
	... 10 more
java.io.IOException: Cannot run program "callVictim": java.io.IOException: error=2, No such file or directory
	at java.lang.ProcessBuilder.start(ProcessBuilder.java:460)
	at java.lang.Runtime.exec(Runtime.java:593)
	at java.lang.Runtime.exec(Runtime.java:431)
	at java.lang.Runtime.exec(Runtime.java:328)
	at com.uscc.monitor.CallProcess.exec(CallProcess.java:64)
	at com.uscc.monitor.DialerCheck.pageOncall(DialerCheck.java:138)
	at com.uscc.monitor.DialerCheck.access$300(DialerCheck.java:22)
	at com.uscc.monitor.DialerCheck$1.run(DialerCheck.java:120)
	at com.uscc.timer.Scheduler$SchedulerTimerTask.run(Scheduler.java:34)
	at java.util.TimerThread.mainLoop(Timer.java:512)
	at java.util.TimerThread.run(Timer.java:462)
Caused by: java.io.IOException: java.io.IOException: error=2, No such file or directory
	at java.lang.UNIXProcess.<init>(UNIXProcess.java:148)
	at java.lang.ProcessImpl.start(ProcessImpl.java:65)
	at java.lang.ProcessBuilder.start(ProcessBuilder.java:453)
	... 10 more
java.io.IOException: Cannot run program "callVictim": java.io.IOException: error=2, No such file or directory
	at java.lang.ProcessBuilder.start(ProcessBuilder.java:460)
	at java.lang.Runtime.exec(Runtime.java:593)
	at java.lang.Runtime.exec(Runtime.java:431)
	at java.lang.Runtime.exec(Runtime.java:328)
	at com.uscc.monitor.CallProcess.exec(CallProcess.java:64)
	at com.uscc.monitor.DialerCheck.pageOncall(DialerCheck.java:138)
	at com.uscc.monitor.DialerCheck.access$300(DialerCheck.java:22)
	at com.uscc.monitor.DialerCheck$1.run(DialerCheck.java:120)
	at com.uscc.timer.Scheduler$SchedulerTimerTask.run(Scheduler.java:34)
	at java.util.TimerThread.mainLoop(Timer.java:512)
	at java.util.TimerThread.run(Timer.java:462)
Caused by: java.io.IOException: java.io.IOException: error=2, No such file or directory
	at java.lang.UNIXProcess.<init>(UNIXProcess.java:148)
	at java.lang.ProcessImpl.start(ProcessImpl.java:65)
	at java.lang.ProcessBuilder.start(ProcessBuilder.java:453)
	... 10 more
java.io.IOException: Cannot run program "callVictim": java.io.IOException: error=2, No such file or directory
	at java.lang.ProcessBuilder.start(ProcessBuilder.java:460)
	at java.lang.Runtime.exec(Runtime.java:593)
	at java.lang.Runtime.exec(Runtime.java:431)
	at java.lang.Runtime.exec(Runtime.java:328)
	at com.uscc.monitor.CallProcess.exec(CallProcess.java:64)
	at com.uscc.monitor.DialerCheck.pageOncall(DialerCheck.java:138)
	at com.uscc.monitor.DialerCheck.access$300(DialerCheck.java:22)
	at com.uscc.monitor.DialerCheck$1.run(DialerCheck.java:120)
	at com.uscc.timer.Scheduler$SchedulerTimerTask.run(Scheduler.java:34)
	at java.util.TimerThread.mainLoop(Timer.java:512)
	at java.util.TimerThread.run(Timer.java:462)
Caused by: java.io.IOException: java.io.IOException: error=2, No such file or directory
	at java.lang.UNIXProcess.<init>(UNIXProcess.java:148)
	at java.lang.ProcessImpl.start(ProcessImpl.java:65)
	at java.lang.ProcessBuilder.start(ProcessBuilder.java:453)
	... 10 more
java.io.IOException: Cannot run program "callVictim": java.io.IOException: error=2, No such file or directory
	at java.lang.ProcessBuilder.start(ProcessBuilder.java:460)
	at java.lang.Runtime.exec(Runtime.java:593)
	at java.lang.Runtime.exec(Runtime.java:431)
	at java.lang.Runtime.exec(Runtime.java:328)
	at com.uscc.monitor.CallProcess.exec(CallProcess.java:64)
	at com.uscc.monitor.DialerCheck.pageOncall(DialerCheck.java:138)
	at com.uscc.monitor.DialerCheck.access$300(DialerCheck.java:22)
	at com.uscc.monitor.DialerCheck$1.run(DialerCheck.java:120)
	at com.uscc.timer.Scheduler$SchedulerTimerTask.run(Scheduler.java:34)
	at java.util.TimerThread.mainLoop(Timer.java:512)
	at java.util.TimerThread.run(Timer.java:462)
Caused by: java.io.IOException: java.io.IOException: error=2, No such file or directory
	at java.lang.UNIXProcess.<init>(UNIXProcess.java:148)
	at java.lang.ProcessImpl.start(ProcessImpl.java:65)
	at java.lang.ProcessBuilder.start(ProcessBuilder.java:453)
	... 10 more
java.io.IOException: Cannot run program "callVictim": java.io.IOException: error=2, No such file or directory
	at java.lang.ProcessBuilder.start(ProcessBuilder.java:460)
	at java.lang.Runtime.exec(Runtime.java:593)
	at java.lang.Runtime.exec(Runtime.java:431)
	at java.lang.Runtime.exec(Runtime.java:328)
	at com.uscc.monitor.CallProcess.exec(CallProcess.java:64)
	at com.uscc.monitor.DialerCheck.pageOncall(DialerCheck.java:138)
	at com.uscc.monitor.DialerCheck.access$300(DialerCheck.java:22)
	at com.uscc.monitor.DialerCheck$1.run(DialerCheck.java:120)
	at com.uscc.timer.Scheduler$SchedulerTimerTask.run(Scheduler.java:34)
	at java.util.TimerThread.mainLoop(Timer.java:512)
	at java.util.TimerThread.run(Timer.java:462)
Caused by: java.io.IOException: java.io.IOException: error=2, No such file or directory
	at java.lang.UNIXProcess.<init>(UNIXProcess.java:148)
	at java.lang.ProcessImpl.start(ProcessImpl.java:65)
	at java.lang.ProcessBuilder.start(ProcessBuilder.java:453)
	... 10 more
java.io.IOException: Cannot run program "callVictim": java.io.IOException: error=2, No such file or directory
	at java.lang.ProcessBuilder.start(ProcessBuilder.java:460)
	at java.lang.Runtime.exec(Runtime.java:593)
	at java.lang.Runtime.exec(Runtime.java:431)
	at java.lang.Runtime.exec(Runtime.java:328)
	at com.uscc.monitor.CallProcess.exec(CallProcess.java:64)
	at com.uscc.monitor.DialerCheck.pageOncall(DialerCheck.java:138)
	at com.uscc.monitor.DialerCheck.access$300(DialerCheck.java:22)
	at com.uscc.monitor.DialerCheck$1.run(DialerCheck.java:120)
	at com.uscc.timer.Scheduler$SchedulerTimerTask.run(Scheduler.java:34)
	at java.util.TimerThread.mainLoop(Timer.java:512)
	at java.util.TimerThread.run(Timer.java:462)
Caused by: java.io.IOException: java.io.IOException: error=2, No such file or directory
	at java.lang.UNIXProcess.<init>(UNIXProcess.java:148)
	at java.lang.ProcessImpl.start(ProcessImpl.java:65)
	at java.lang.ProcessBuilder.start(ProcessBuilder.java:453)
	... 10 more
java.io.IOException: Cannot run program "callVictim": java.io.IOException: error=2, No such file or directory
	at java.lang.ProcessBuilder.start(ProcessBuilder.java:460)
	at java.lang.Runtime.exec(Runtime.java:593)
	at java.lang.Runtime.exec(Runtime.java:431)
	at java.lang.Runtime.exec(Runtime.java:328)
	at com.uscc.monitor.CallProcess.exec(CallProcess.java:64)
	at com.uscc.monitor.DialerCheck.pageOncall(DialerCheck.java:138)
	at com.uscc.monitor.DialerCheck.access$300(DialerCheck.java:22)
	at com.uscc.monitor.DialerCheck$1.run(DialerCheck.java:120)
	at com.uscc.timer.Scheduler$SchedulerTimerTask.run(Scheduler.java:34)
	at java.util.TimerThread.mainLoop(Timer.java:512)
	at java.util.TimerThread.run(Timer.java:462)
Caused by: java.io.IOException: java.io.IOException: error=2, No such file or directory
	at java.lang.UNIXProcess.<init>(UNIXProcess.java:148)
	at java.lang.ProcessImpl.start(ProcessImpl.java:65)
	at java.lang.ProcessBuilder.start(ProcessBuilder.java:453)
	... 10 more
java.io.IOException: Cannot run program "callVictim": java.io.IOException: error=2, No such file or directory
	at java.lang.ProcessBuilder.start(ProcessBuilder.java:460)
	at java.lang.Runtime.exec(Runtime.java:593)
	at java.lang.Runtime.exec(Runtime.java:431)
	at java.lang.Runtime.exec(Runtime.java:328)
	at com.uscc.monitor.CallProcess.exec(CallProcess.java:64)
	at com.uscc.monitor.DialerCheck.pageOncall(DialerCheck.java:138)
	at com.uscc.monitor.DialerCheck.access$300(DialerCheck.java:22)
	at com.uscc.monitor.DialerCheck$1.run(DialerCheck.java:120)
	at com.uscc.timer.Scheduler$SchedulerTimerTask.run(Scheduler.java:34)
	at java.util.TimerThread.mainLoop(Timer.java:512)
	at java.util.TimerThread.run(Timer.java:462)
Caused by: java.io.IOException: java.io.IOException: error=2, No such file or directory
	at java.lang.UNIXProcess.<init>(UNIXProcess.java:148)
	at java.lang.ProcessImpl.start(ProcessImpl.java:65)
	at java.lang.ProcessBuilder.start(ProcessBuilder.java:453)
	... 10 more
java.io.IOException: Cannot run program "callVictim": java.io.IOException: error=2, No such file or directory
	at java.lang.ProcessBuilder.start(ProcessBuilder.java:460)
	at java.lang.Runtime.exec(Runtime.java:593)
	at java.lang.Runtime.exec(Runtime.java:431)
	at java.lang.Runtime.exec(Runtime.java:328)
	at com.uscc.monitor.CallProcess.exec(CallProcess.java:64)
	at com.uscc.monitor.DialerCheck.pageOncall(DialerCheck.java:138)
	at com.uscc.monitor.DialerCheck.access$300(DialerCheck.java:22)
	at com.uscc.monitor.DialerCheck$1.run(DialerCheck.java:120)
	at com.uscc.timer.Scheduler$SchedulerTimerTask.run(Scheduler.java:34)
	at java.util.TimerThread.mainLoop(Timer.java:512)
	at java.util.TimerThread.run(Timer.java:462)
Caused by: java.io.IOException: java.io.IOException: error=2, No such file or directory
	at java.lang.UNIXProcess.<init>(UNIXProcess.java:148)
	at java.lang.ProcessImpl.start(ProcessImpl.java:65)
	at java.lang.ProcessBuilder.start(ProcessBuilder.java:453)
	... 10 more
java.io.IOException: Cannot run program "callVictim": java.io.IOException: error=2, No such file or directory
	at java.lang.ProcessBuilder.start(ProcessBuilder.java:460)
	at java.lang.Runtime.exec(Runtime.java:593)
	at java.lang.Runtime.exec(Runtime.java:431)
	at java.lang.Runtime.exec(Runtime.java:328)
	at com.uscc.monitor.CallProcess.exec(CallProcess.java:64)
	at com.uscc.monitor.DialerCheck.pageOncall(DialerCheck.java:138)
	at com.uscc.monitor.DialerCheck.access$300(DialerCheck.java:22)
	at com.uscc.monitor.DialerCheck$1.run(DialerCheck.java:120)
	at com.uscc.timer.Scheduler$SchedulerTimerTask.run(Scheduler.java:34)
	at java.util.TimerThread.mainLoop(Timer.java:512)
	at java.util.TimerThread.run(Timer.java:462)
Caused by: java.io.IOException: java.io.IOException: error=2, No such file or directory
	at java.lang.UNIXProcess.<init>(UNIXProcess.java:148)
	at java.lang.ProcessImpl.start(ProcessImpl.java:65)
	at java.lang.ProcessBuilder.start(ProcessBuilder.java:453)
	... 10 more
java.io.IOException: Cannot run program "callVictim": java.io.IOException: error=2, No such file or directory
	at java.lang.ProcessBuilder.start(ProcessBuilder.java:460)
	at java.lang.Runtime.exec(Runtime.java:593)
	at java.lang.Runtime.exec(Runtime.java:431)
	at java.lang.Runtime.exec(Runtime.java:328)
	at com.uscc.monitor.CallProcess.exec(CallProcess.java:64)
	at com.uscc.monitor.DialerCheck.pageOncall(DialerCheck.java:138)
	at com.uscc.monitor.DialerCheck.access$300(DialerCheck.java:22)
	at com.uscc.monitor.DialerCheck$1.run(DialerCheck.java:120)
	at com.uscc.timer.Scheduler$SchedulerTimerTask.run(Scheduler.java:34)
	at java.util.TimerThread.mainLoop(Timer.java:512)
	at java.util.TimerThread.run(Timer.java:462)
Caused by: java.io.IOException: java.io.IOException: error=2, No such file or directory
	at java.lang.UNIXProcess.<init>(UNIXProcess.java:148)
	at java.lang.ProcessImpl.start(ProcessImpl.java:65)
	at java.lang.ProcessBuilder.start(ProcessBuilder.java:453)
	... 10 more
java.io.IOException: Cannot run program "callVictim": java.io.IOException: error=2, No such file or directory
	at java.lang.ProcessBuilder.start(ProcessBuilder.java:460)
	at java.lang.Runtime.exec(Runtime.java:593)
	at java.lang.Runtime.exec(Runtime.java:431)
	at java.lang.Runtime.exec(Runtime.java:328)
	at com.uscc.monitor.CallProcess.exec(CallProcess.java:64)
	at com.uscc.monitor.DialerCheck.pageOncall(DialerCheck.java:138)
	at com.uscc.monitor.DialerCheck.access$300(DialerCheck.java:22)
	at com.uscc.monitor.DialerCheck$1.run(DialerCheck.java:120)
	at com.uscc.timer.Scheduler$SchedulerTimerTask.run(Scheduler.java:34)
	at java.util.TimerThread.mainLoop(Timer.java:512)
	at java.util.TimerThread.run(Timer.java:462)
Caused by: java.io.IOException: java.io.IOException: error=2, No such file or directory
	at java.lang.UNIXProcess.<init>(UNIXProcess.java:148)
	at java.lang.ProcessImpl.start(ProcessImpl.java:65)
	at java.lang.ProcessBuilder.start(ProcessBuilder.java:453)
	... 10 more
java.io.IOException: Cannot run program "callVictim": java.io.IOException: error=2, No such file or directory
	at java.lang.ProcessBuilder.start(ProcessBuilder.java:460)
	at java.lang.Runtime.exec(Runtime.java:593)
	at java.lang.Runtime.exec(Runtime.java:431)
	at java.lang.Runtime.exec(Runtime.java:328)
	at com.uscc.monitor.CallProcess.exec(CallProcess.java:64)
	at com.uscc.monitor.DialerCheck.pageOncall(DialerCheck.java:138)
	at com.uscc.monitor.DialerCheck.access$300(DialerCheck.java:22)
	at com.uscc.monitor.DialerCheck$1.run(DialerCheck.java:120)
	at com.uscc.timer.Scheduler$SchedulerTimerTask.run(Scheduler.java:34)
	at java.util.TimerThread.mainLoop(Timer.java:512)
	at java.util.TimerThread.run(Timer.java:462)
Caused by: java.io.IOException: java.io.IOException: error=2, No such file or directory
	at java.lang.UNIXProcess.<init>(UNIXProcess.java:148)
	at java.lang.ProcessImpl.start(ProcessImpl.java:65)
	at java.lang.ProcessBuilder.start(ProcessBuilder.java:453)
	... 10 more
