

***********************************************************************
Fatal NI connect error 12514, connecting to:
 (description=(address=(protocol=tcp)(host=kpabilscan)(port=1521))(connect_data=(service_name=prdcustap)(server=dedicated)(CID=(PROGRAM=perl@kpr01batch)(HOST=kpr01batch)(USER=prdwrk1))))

  VERSION INFORMATION:
	TNS for Linux: Version 11.2.0.2.0 - Production
	TCP/IP NT Protocol Adapter for Linux: Version 11.2.0.2.0 - Production
  Time: 15-JAN-2017 00:50:00
  Tracing not turned on.
  Tns error struct:
    ns main err code: 12564
    TNS-12564: TNS:connection refused
    ns secondary err code: 0
    nt main err code: 0
    nt secondary err code: 0
    nt OS err code: 0


***********************************************************************
Fatal NI connect error 12514, connecting to:
 (description=(address=(protocol=tcp)(host=kpabilscan)(port=1521))(connect_data=(service_name=prdcustap)(server=dedicated)(CID=(PROGRAM=perl@kpr01batch)(HOST=kpr01batch)(USER=prdwrk1))))

  VERSION INFORMATION:
	TNS for Linux: Version 11.2.0.2.0 - Production
	TCP/IP NT Protocol Adapter for Linux: Version 11.2.0.2.0 - Production
  Time: 15-JAN-2017 00:53:00
  Tracing not turned on.
  Tns error struct:
    ns main err code: 12564
    TNS-12564: TNS:connection refused
    ns secondary err code: 0
    nt main err code: 0
    nt secondary err code: 0
    nt OS err code: 0


***********************************************************************
Fatal NI connect error 12514, connecting to:
 (description=(address=(protocol=tcp)(host=kpabilscan)(port=1521))(connect_data=(service_name=prdcustap)(server=dedicated)(CID=(PROGRAM=perl@kpr01batch)(HOST=kpr01batch)(USER=prdwrk1))))

  VERSION INFORMATION:
	TNS for Linux: Version 11.2.0.2.0 - Production
	TCP/IP NT Protocol Adapter for Linux: Version 11.2.0.2.0 - Production
  Time: 15-JAN-2017 00:56:00
  Tracing not turned on.
  Tns error struct:
    ns main err code: 12564
    TNS-12564: TNS:connection refused
    ns secondary err code: 0
    nt main err code: 0
    nt secondary err code: 0
    nt OS err code: 0


***********************************************************************
Fatal NI connect error 12514, connecting to:
 (description=(address=(protocol=tcp)(host=kpabilscan)(port=1521))(connect_data=(service_name=prdcustap)(server=dedicated)(CID=(PROGRAM=perl@kpr01batch)(HOST=kpr01batch)(USER=prdwrk1))))

  VERSION INFORMATION:
	TNS for Linux: Version 11.2.0.2.0 - Production
	TCP/IP NT Protocol Adapter for Linux: Version 11.2.0.2.0 - Production
  Time: 15-JAN-2017 00:59:00
  Tracing not turned on.
  Tns error struct:
    ns main err code: 12564
    TNS-12564: TNS:connection refused
    ns secondary err code: 0
    nt main err code: 0
    nt secondary err code: 0
    nt OS err code: 0


***********************************************************************
Fatal NI connect error 12514, connecting to:
 (description=(address=(protocol=tcp)(host=kpabilscan)(port=1521))(connect_data=(service_name=prdcustap)(server=dedicated)(CID=(PROGRAM=perl@kpr01batch)(HOST=kpr01batch)(USER=prdwrk1))))

  VERSION INFORMATION:
	TNS for Linux: Version 11.2.0.2.0 - Production
	TCP/IP NT Protocol Adapter for Linux: Version 11.2.0.2.0 - Production
  Time: 15-JAN-2017 01:02:00
  Tracing not turned on.
  Tns error struct:
    ns main err code: 12564
    TNS-12564: TNS:connection refused
    ns secondary err code: 0
    nt main err code: 0
    nt secondary err code: 0
    nt OS err code: 0


***********************************************************************
Fatal NI connect error 12514, connecting to:
 (description=(address=(protocol=tcp)(host=kpabilscan)(port=1521))(connect_data=(service_name=prdcustap)(server=dedicated)(CID=(PROGRAM=perl@kpr01batch)(HOST=kpr01batch)(USER=prdwrk1))))

  VERSION INFORMATION:
	TNS for Linux: Version 11.2.0.2.0 - Production
	TCP/IP NT Protocol Adapter for Linux: Version 11.2.0.2.0 - Production
  Time: 15-JAN-2017 01:05:00
  Tracing not turned on.
  Tns error struct:
    ns main err code: 12564
    TNS-12564: TNS:connection refused
    ns secondary err code: 0
    nt main err code: 0
    nt secondary err code: 0
    nt OS err code: 0


***********************************************************************
Fatal NI connect error 12514, connecting to:
 (description=(address=(protocol=tcp)(host=kpabilscan)(port=1521))(connect_data=(service_name=prdcustap)(server=dedicated)(CID=(PROGRAM=perl@kpr01batch)(HOST=kpr01batch)(USER=prdwrk1))))

  VERSION INFORMATION:
	TNS for Linux: Version 11.2.0.2.0 - Production
	TCP/IP NT Protocol Adapter for Linux: Version 11.2.0.2.0 - Production
  Time: 15-JAN-2017 01:08:00
  Tracing not turned on.
  Tns error struct:
    ns main err code: 12564
    TNS-12564: TNS:connection refused
    ns secondary err code: 0
    nt main err code: 0
    nt secondary err code: 0
    nt OS err code: 0


***********************************************************************
Fatal NI connect error 12514, connecting to:
 (description=(address=(protocol=tcp)(host=kpabilscan)(port=1521))(connect_data=(service_name=prdcustap)(server=dedicated)(CID=(PROGRAM=perl@kpr01batch)(HOST=kpr01batch)(USER=prdwrk1))))

  VERSION INFORMATION:
	TNS for Linux: Version 11.2.0.2.0 - Production
	TCP/IP NT Protocol Adapter for Linux: Version 11.2.0.2.0 - Production
  Time: 15-JAN-2017 01:11:00
  Tracing not turned on.
  Tns error struct:
    ns main err code: 12564
    TNS-12564: TNS:connection refused
    ns secondary err code: 0
    nt main err code: 0
    nt secondary err code: 0
    nt OS err code: 0


***********************************************************************
Fatal NI connect error 12514, connecting to:
 (description=(address=(protocol=tcp)(host=kpabilscan)(port=1521))(connect_data=(service_name=prdcustap)(server=dedicated)(CID=(PROGRAM=perl@kpr01batch)(HOST=kpr01batch)(USER=prdwrk1))))

  VERSION INFORMATION:
	TNS for Linux: Version 11.2.0.2.0 - Production
	TCP/IP NT Protocol Adapter for Linux: Version 11.2.0.2.0 - Production
  Time: 15-JAN-2017 01:14:00
  Tracing not turned on.
  Tns error struct:
    ns main err code: 12564
    TNS-12564: TNS:connection refused
    ns secondary err code: 0
    nt main err code: 0
    nt secondary err code: 0
    nt OS err code: 0


***********************************************************************
Fatal NI connect error 12514, connecting to:
 (description=(address=(protocol=tcp)(host=kpabilscan)(port=1521))(connect_data=(service_name=prdcustap)(server=dedicated)(CID=(PROGRAM=perl@kpr01batch)(HOST=kpr01batch)(USER=prdwrk1))))

  VERSION INFORMATION:
	TNS for Linux: Version 11.2.0.2.0 - Production
	TCP/IP NT Protocol Adapter for Linux: Version 11.2.0.2.0 - Production
  Time: 15-JAN-2017 01:17:00
  Tracing not turned on.
  Tns error struct:
    ns main err code: 12564
    TNS-12564: TNS:connection refused
    ns secondary err code: 0
    nt main err code: 0
    nt secondary err code: 0
    nt OS err code: 0


***********************************************************************
Fatal NI connect error 12514, connecting to:
 (description=(address=(protocol=tcp)(host=kpabilscan)(port=1521))(connect_data=(service_name=prdcustap)(server=dedicated)(CID=(PROGRAM=perl@kpr01batch)(HOST=kpr01batch)(USER=prdwrk1))))

  VERSION INFORMATION:
	TNS for Linux: Version 11.2.0.2.0 - Production
	TCP/IP NT Protocol Adapter for Linux: Version 11.2.0.2.0 - Production
  Time: 15-JAN-2017 01:20:00
  Tracing not turned on.
  Tns error struct:
    ns main err code: 12564
    TNS-12564: TNS:connection refused
    ns secondary err code: 0
    nt main err code: 0
    nt secondary err code: 0
    nt OS err code: 0


***********************************************************************
Fatal NI connect error 12514, connecting to:
 (description=(address=(protocol=tcp)(host=kpabilscan)(port=1521))(connect_data=(service_name=prdcustap)(server=dedicated)(CID=(PROGRAM=perl@kpr01batch)(HOST=kpr01batch)(USER=prdwrk1))))

  VERSION INFORMATION:
	TNS for Linux: Version 11.2.0.2.0 - Production
	TCP/IP NT Protocol Adapter for Linux: Version 11.2.0.2.0 - Production
  Time: 15-JAN-2017 01:23:00
  Tracing not turned on.
  Tns error struct:
    ns main err code: 12564
    TNS-12564: TNS:connection refused
    ns secondary err code: 0
    nt main err code: 0
    nt secondary err code: 0
    nt OS err code: 0


***********************************************************************
Fatal NI connect error 12514, connecting to:
 (description=(address=(protocol=tcp)(host=kpabilscan)(port=1521))(connect_data=(service_name=prdcustap)(server=dedicated)(CID=(PROGRAM=perl@kpr01batch)(HOST=kpr01batch)(USER=prdwrk1))))

  VERSION INFORMATION:
	TNS for Linux: Version 11.2.0.2.0 - Production
	TCP/IP NT Protocol Adapter for Linux: Version 11.2.0.2.0 - Production
  Time: 29-JAN-2017 00:47:00
  Tracing not turned on.
  Tns error struct:
    ns main err code: 12564
    TNS-12564: TNS:connection refused
    ns secondary err code: 0
    nt main err code: 0
    nt secondary err code: 0
    nt OS err code: 0


***********************************************************************
Fatal NI connect error 12170.

  VERSION INFORMATION:
	TNS for Linux: Version 11.2.0.2.0 - Production
	TCP/IP NT Protocol Adapter for Linux: Version 11.2.0.2.0 - Production
  Time: 29-JAN-2017 00:50:27
  Tracing not turned on.
  Tns error struct:
    ns main err code: 12535
    TNS-12535: TNS:operation timed out
    ns secondary err code: 12560
    nt main err code: 505
    TNS-00505: Operation timed out
    nt secondary err code: 110
    nt OS err code: 0
  Client address: <unknown>


***********************************************************************
Fatal NI connect error 12170.

  VERSION INFORMATION:
	TNS for Linux: Version 11.2.0.2.0 - Production
	TCP/IP NT Protocol Adapter for Linux: Version 11.2.0.2.0 - Production
  Time: 29-JAN-2017 00:53:27
  Tracing not turned on.
  Tns error struct:
    ns main err code: 12535
    TNS-12535: TNS:operation timed out
    ns secondary err code: 12560
    nt main err code: 505
    TNS-00505: Operation timed out
    nt secondary err code: 110
    nt OS err code: 0
  Client address: <unknown>


***********************************************************************
Fatal NI connect error 12170.

  VERSION INFORMATION:
	TNS for Linux: Version 11.2.0.2.0 - Production
	TCP/IP NT Protocol Adapter for Linux: Version 11.2.0.2.0 - Production
  Time: 29-JAN-2017 00:56:27
  Tracing not turned on.
  Tns error struct:
    ns main err code: 12535
    TNS-12535: TNS:operation timed out
    ns secondary err code: 12560
    nt main err code: 505
    TNS-00505: Operation timed out
    nt secondary err code: 110
    nt OS err code: 0
  Client address: <unknown>


***********************************************************************
Fatal NI connect error 12170.

  VERSION INFORMATION:
	TNS for Linux: Version 11.2.0.2.0 - Production
	TCP/IP NT Protocol Adapter for Linux: Version 11.2.0.2.0 - Production
  Time: 29-JAN-2017 00:59:27
  Tracing not turned on.
  Tns error struct:
    ns main err code: 12535
    TNS-12535: TNS:operation timed out
    ns secondary err code: 12560
    nt main err code: 505
    TNS-00505: Operation timed out
    nt secondary err code: 110
    nt OS err code: 0
  Client address: <unknown>


***********************************************************************
Fatal NI connect error 12170.

  VERSION INFORMATION:
	TNS for Linux: Version 11.2.0.2.0 - Production
	TCP/IP NT Protocol Adapter for Linux: Version 11.2.0.2.0 - Production
  Time: 29-JAN-2017 01:02:27
  Tracing not turned on.
  Tns error struct:
    ns main err code: 12535
    TNS-12535: TNS:operation timed out
    ns secondary err code: 12560
    nt main err code: 505
    TNS-00505: Operation timed out
    nt secondary err code: 110
    nt OS err code: 0
  Client address: <unknown>


***********************************************************************
Fatal NI connect error 12170.

  VERSION INFORMATION:
	TNS for Linux: Version 11.2.0.2.0 - Production
	TCP/IP NT Protocol Adapter for Linux: Version 11.2.0.2.0 - Production
  Time: 29-JAN-2017 01:05:27
  Tracing not turned on.
  Tns error struct:
    ns main err code: 12535
    TNS-12535: TNS:operation timed out
    ns secondary err code: 12560
    nt main err code: 505
    TNS-00505: Operation timed out
    nt secondary err code: 110
    nt OS err code: 0
  Client address: <unknown>


***********************************************************************
Fatal NI connect error 12514, connecting to:
 (description=(address=(protocol=tcp)(host=kpabilscan)(port=1521))(connect_data=(service_name=prdcustap)(server=dedicated)(CID=(PROGRAM=perl@kpr01batch)(HOST=kpr01batch)(USER=prdwrk1))))

  VERSION INFORMATION:
	TNS for Linux: Version 11.2.0.2.0 - Production
	TCP/IP NT Protocol Adapter for Linux: Version 11.2.0.2.0 - Production
  Time: 29-JAN-2017 01:08:00
  Tracing not turned on.
  Tns error struct:
    ns main err code: 12564
    TNS-12564: TNS:connection refused
    ns secondary err code: 0
    nt main err code: 0
    nt secondary err code: 0
    nt OS err code: 0


***********************************************************************
Fatal NI connect error 12514, connecting to:
 (description=(address=(protocol=tcp)(host=kpabilscan)(port=1521))(connect_data=(service_name=prdcustap)(server=dedicated)(CID=(PROGRAM=perl@kpr01batch)(HOST=kpr01batch)(USER=prdwrk1))))

  VERSION INFORMATION:
	TNS for Linux: Version 11.2.0.2.0 - Production
	TCP/IP NT Protocol Adapter for Linux: Version 11.2.0.2.0 - Production
  Time: 29-JAN-2017 01:11:00
  Tracing not turned on.
  Tns error struct:
    ns main err code: 12564
    TNS-12564: TNS:connection refused
    ns secondary err code: 0
    nt main err code: 0
    nt secondary err code: 0
    nt OS err code: 0


***********************************************************************
Fatal NI connect error 12514, connecting to:
 (description=(address=(protocol=tcp)(host=kpabilscan)(port=1521))(connect_data=(service_name=prdcustap)(server=dedicated)(CID=(PROGRAM=perl@kpr01batch)(HOST=kpr01batch)(USER=prdwrk1))))

  VERSION INFORMATION:
	TNS for Linux: Version 11.2.0.2.0 - Production
	TCP/IP NT Protocol Adapter for Linux: Version 11.2.0.2.0 - Production
  Time: 29-JAN-2017 01:14:00
  Tracing not turned on.
  Tns error struct:
    ns main err code: 12564
    TNS-12564: TNS:connection refused
    ns secondary err code: 0
    nt main err code: 0
    nt secondary err code: 0
    nt OS err code: 0


***********************************************************************
Fatal NI connect error 12514, connecting to:
 (description=(address=(protocol=tcp)(host=kpabilscan)(port=1521))(connect_data=(service_name=prdcustap)(server=dedicated)(CID=(PROGRAM=perl@kpr01batch)(HOST=kpr01batch)(USER=prdwrk1))))

  VERSION INFORMATION:
	TNS for Linux: Version 11.2.0.2.0 - Production
	TCP/IP NT Protocol Adapter for Linux: Version 11.2.0.2.0 - Production
  Time: 29-JAN-2017 01:17:00
  Tracing not turned on.
  Tns error struct:
    ns main err code: 12564
    TNS-12564: TNS:connection refused
    ns secondary err code: 0
    nt main err code: 0
    nt secondary err code: 0
    nt OS err code: 0


***********************************************************************
Fatal NI connect error 12514, connecting to:
 (description=(address=(protocol=tcp)(host=kpabilscan)(port=1521))(connect_data=(service_name=prdcustap)(server=dedicated)(CID=(PROGRAM=perl@kpr01batch)(HOST=kpr01batch)(USER=prdwrk1))))

  VERSION INFORMATION:
	TNS for Linux: Version 11.2.0.2.0 - Production
	TCP/IP NT Protocol Adapter for Linux: Version 11.2.0.2.0 - Production
  Time: 29-JAN-2017 01:20:00
  Tracing not turned on.
  Tns error struct:
    ns main err code: 12564
    TNS-12564: TNS:connection refused
    ns secondary err code: 0
    nt main err code: 0
    nt secondary err code: 0
    nt OS err code: 0


***********************************************************************
Fatal NI connect error 12514, connecting to:
 (description=(address=(protocol=tcp)(host=kpabilscan)(port=1521))(connect_data=(service_name=prdcustap)(server=dedicated)(CID=(PROGRAM=perl@kpr01batch)(HOST=kpr01batch)(USER=prdwrk1))))

  VERSION INFORMATION:
	TNS for Linux: Version 11.2.0.2.0 - Production
	TCP/IP NT Protocol Adapter for Linux: Version 11.2.0.2.0 - Production
  Time: 29-JAN-2017 01:23:00
  Tracing not turned on.
  Tns error struct:
    ns main err code: 12564
    TNS-12564: TNS:connection refused
    ns secondary err code: 0
    nt main err code: 0
    nt secondary err code: 0
    nt OS err code: 0


***********************************************************************
Fatal NI connect error 12514, connecting to:
 (description=(address=(protocol=tcp)(host=kpabilscan)(port=1521))(connect_data=(service_name=prdcustap)(server=dedicated)(CID=(PROGRAM=perl@kpr01batch)(HOST=kpr01batch)(USER=prdwrk1))))

  VERSION INFORMATION:
	TNS for Linux: Version 11.2.0.2.0 - Production
	TCP/IP NT Protocol Adapter for Linux: Version 11.2.0.2.0 - Production
  Time: 29-JAN-2017 01:26:00
  Tracing not turned on.
  Tns error struct:
    ns main err code: 12564
    TNS-12564: TNS:connection refused
    ns secondary err code: 0
    nt main err code: 0
    nt secondary err code: 0
    nt OS err code: 0


***********************************************************************
Fatal NI connect error 12514, connecting to:
 (description=(address=(protocol=tcp)(host=kpabilscan)(port=1521))(connect_data=(service_name=prdcustap)(server=dedicated)(CID=(PROGRAM=perl@kpr01batch)(HOST=kpr01batch)(USER=prdwrk1))))

  VERSION INFORMATION:
	TNS for Linux: Version 11.2.0.2.0 - Production
	TCP/IP NT Protocol Adapter for Linux: Version 11.2.0.2.0 - Production
  Time: 29-JAN-2017 01:29:00
  Tracing not turned on.
  Tns error struct:
    ns main err code: 12564
    TNS-12564: TNS:connection refused
    ns secondary err code: 0
    nt main err code: 0
    nt secondary err code: 0
    nt OS err code: 0


***********************************************************************
Fatal NI connect error 12514, connecting to:
 (description=(address=(protocol=tcp)(host=kpabilscan)(port=1521))(connect_data=(service_name=prdcustap)(server=dedicated)(CID=(PROGRAM=perl@kpr01batch)(HOST=kpr01batch)(USER=prdwrk1))))

  VERSION INFORMATION:
	TNS for Linux: Version 11.2.0.2.0 - Production
	TCP/IP NT Protocol Adapter for Linux: Version 11.2.0.2.0 - Production
  Time: 29-JAN-2017 01:32:00
  Tracing not turned on.
  Tns error struct:
    ns main err code: 12564
    TNS-12564: TNS:connection refused
    ns secondary err code: 0
    nt main err code: 0
    nt secondary err code: 0
    nt OS err code: 0


***********************************************************************
Fatal NI connect error 12514, connecting to:
 (description=(address=(protocol=tcp)(host=kpabilscan)(port=1521))(connect_data=(service_name=prdcustap)(server=dedicated)(CID=(PROGRAM=perl@kpr01batch)(HOST=kpr01batch)(USER=prdwrk1))))

  VERSION INFORMATION:
	TNS for Linux: Version 11.2.0.2.0 - Production
	TCP/IP NT Protocol Adapter for Linux: Version 11.2.0.2.0 - Production
  Time: 29-JAN-2017 01:35:00
  Tracing not turned on.
  Tns error struct:
    ns main err code: 12564
    TNS-12564: TNS:connection refused
    ns secondary err code: 0
    nt main err code: 0
    nt secondary err code: 0
    nt OS err code: 0


***********************************************************************
Fatal NI connect error 12514, connecting to:
 (description=(address=(protocol=tcp)(host=kpabilscan)(port=1521))(connect_data=(service_name=prdcustap)(server=dedicated)(CID=(PROGRAM=perl@kpr01batch)(HOST=kpr01batch)(USER=prdwrk1))))

  VERSION INFORMATION:
	TNS for Linux: Version 11.2.0.2.0 - Production
	TCP/IP NT Protocol Adapter for Linux: Version 11.2.0.2.0 - Production
  Time: 25-MAR-2017 01:41:00
  Tracing not turned on.
  Tns error struct:
    ns main err code: 12564
    TNS-12564: TNS:connection refused
    ns secondary err code: 0
    nt main err code: 0
    nt secondary err code: 0
    nt OS err code: 0


***********************************************************************
Fatal NI connect error 12514, connecting to:
 (description=(address=(protocol=tcp)(host=kpabilscan)(port=1521))(connect_data=(service_name=prdcustap)(server=dedicated)(CID=(PROGRAM=perl@kpr01batch)(HOST=kpr01batch)(USER=prdwrk1))))

  VERSION INFORMATION:
	TNS for Linux: Version 11.2.0.2.0 - Production
	TCP/IP NT Protocol Adapter for Linux: Version 11.2.0.2.0 - Production
  Time: 25-MAR-2017 01:44:00
  Tracing not turned on.
  Tns error struct:
    ns main err code: 12564
    TNS-12564: TNS:connection refused
    ns secondary err code: 0
    nt main err code: 0
    nt secondary err code: 0
    nt OS err code: 0


***********************************************************************
Fatal NI connect error 12514, connecting to:
 (description=(address=(protocol=tcp)(host=kpabilscan)(port=1521))(connect_data=(service_name=prdcustap)(server=dedicated)(CID=(PROGRAM=perl@kpr01batch)(HOST=kpr01batch)(USER=prdwrk1))))

  VERSION INFORMATION:
	TNS for Linux: Version 11.2.0.2.0 - Production
	TCP/IP NT Protocol Adapter for Linux: Version 11.2.0.2.0 - Production
  Time: 25-MAR-2017 01:47:00
  Tracing not turned on.
  Tns error struct:
    ns main err code: 12564
    TNS-12564: TNS:connection refused
    ns secondary err code: 0
    nt main err code: 0
    nt secondary err code: 0
    nt OS err code: 0


***********************************************************************
Fatal NI connect error 12514, connecting to:
 (description=(address=(protocol=tcp)(host=kpabilscan)(port=1521))(connect_data=(service_name=prdcustap)(server=dedicated)(CID=(PROGRAM=perl@kpr01batch)(HOST=kpr01batch)(USER=prdwrk1))))

  VERSION INFORMATION:
	TNS for Linux: Version 11.2.0.2.0 - Production
	TCP/IP NT Protocol Adapter for Linux: Version 11.2.0.2.0 - Production
  Time: 25-MAR-2017 01:50:00
  Tracing not turned on.
  Tns error struct:
    ns main err code: 12564
    TNS-12564: TNS:connection refused
    ns secondary err code: 0
    nt main err code: 0
    nt secondary err code: 0
    nt OS err code: 0


***********************************************************************
Fatal NI connect error 12514, connecting to:
 (description=(address=(protocol=tcp)(host=kpabilscan)(port=1521))(connect_data=(service_name=prdcustap)(server=dedicated)(CID=(PROGRAM=perl@kpr01batch)(HOST=kpr01batch)(USER=prdwrk1))))

  VERSION INFORMATION:
	TNS for Linux: Version 11.2.0.2.0 - Production
	TCP/IP NT Protocol Adapter for Linux: Version 11.2.0.2.0 - Production
  Time: 25-MAR-2017 01:53:00
  Tracing not turned on.
  Tns error struct:
    ns main err code: 12564
    TNS-12564: TNS:connection refused
    ns secondary err code: 0
    nt main err code: 0
    nt secondary err code: 0
    nt OS err code: 0


***********************************************************************
Fatal NI connect error 12514, connecting to:
 (description=(address=(protocol=tcp)(host=kpabilscan)(port=1521))(connect_data=(service_name=prdcustap)(server=dedicated)(CID=(PROGRAM=perl@kpr01batch)(HOST=kpr01batch)(USER=prdwrk1))))

  VERSION INFORMATION:
	TNS for Linux: Version 11.2.0.2.0 - Production
	TCP/IP NT Protocol Adapter for Linux: Version 11.2.0.2.0 - Production
  Time: 25-MAR-2017 01:56:00
  Tracing not turned on.
  Tns error struct:
    ns main err code: 12564
    TNS-12564: TNS:connection refused
    ns secondary err code: 0
    nt main err code: 0
    nt secondary err code: 0
    nt OS err code: 0


***********************************************************************
Fatal NI connect error 12514, connecting to:
 (description=(address=(protocol=tcp)(host=kpabilscan)(port=1521))(connect_data=(service_name=prdcustap)(server=dedicated)(CID=(PROGRAM=perl@kpr01batch)(HOST=kpr01batch)(USER=prdwrk1))))

  VERSION INFORMATION:
	TNS for Linux: Version 11.2.0.2.0 - Production
	TCP/IP NT Protocol Adapter for Linux: Version 11.2.0.2.0 - Production
  Time: 25-MAR-2017 01:59:00
  Tracing not turned on.
  Tns error struct:
    ns main err code: 12564
    TNS-12564: TNS:connection refused
    ns secondary err code: 0
    nt main err code: 0
    nt secondary err code: 0
    nt OS err code: 0


***********************************************************************
Fatal NI connect error 12514, connecting to:
 (description=(address=(protocol=tcp)(host=kpabilscan)(port=1521))(connect_data=(service_name=prdcustap)(server=dedicated)(CID=(PROGRAM=perl@kpr01batch)(HOST=kpr01batch)(USER=prdwrk1))))

  VERSION INFORMATION:
	TNS for Linux: Version 11.2.0.2.0 - Production
	TCP/IP NT Protocol Adapter for Linux: Version 11.2.0.2.0 - Production
  Time: 25-MAR-2017 02:02:00
  Tracing not turned on.
  Tns error struct:
    ns main err code: 12564
    TNS-12564: TNS:connection refused
    ns secondary err code: 0
    nt main err code: 0
    nt secondary err code: 0
    nt OS err code: 0


***********************************************************************
Fatal NI connect error 12514, connecting to:
 (description=(address=(protocol=tcp)(host=kpabilscan)(port=1521))(connect_data=(service_name=prdcustap)(server=dedicated)(CID=(PROGRAM=perl@kpr01batch)(HOST=kpr01batch)(USER=prdwrk1))))

  VERSION INFORMATION:
	TNS for Linux: Version 11.2.0.2.0 - Production
	TCP/IP NT Protocol Adapter for Linux: Version 11.2.0.2.0 - Production
  Time: 25-MAR-2017 02:05:00
  Tracing not turned on.
  Tns error struct:
    ns main err code: 12564
    TNS-12564: TNS:connection refused
    ns secondary err code: 0
    nt main err code: 0
    nt secondary err code: 0
    nt OS err code: 0


***********************************************************************
Fatal NI connect error 12514, connecting to:
 (description=(address=(protocol=tcp)(host=kpabilscan)(port=1521))(connect_data=(service_name=prdcustap)(server=dedicated)(CID=(PROGRAM=perl@kpr01batch)(HOST=kpr01batch)(USER=prdwrk1))))

  VERSION INFORMATION:
	TNS for Linux: Version 11.2.0.2.0 - Production
	TCP/IP NT Protocol Adapter for Linux: Version 11.2.0.2.0 - Production
  Time: 25-MAR-2017 02:08:00
  Tracing not turned on.
  Tns error struct:
    ns main err code: 12564
    TNS-12564: TNS:connection refused
    ns secondary err code: 0
    nt main err code: 0
    nt secondary err code: 0
    nt OS err code: 0


***********************************************************************
Fatal NI connect error 12514, connecting to:
 (description=(address=(protocol=tcp)(host=kpabilscan)(port=1521))(connect_data=(service_name=prdcustap)(server=dedicated)(CID=(PROGRAM=perl@kpr01batch)(HOST=kpr01batch)(USER=prdwrk1))))

  VERSION INFORMATION:
	TNS for Linux: Version 11.2.0.2.0 - Production
	TCP/IP NT Protocol Adapter for Linux: Version 11.2.0.2.0 - Production
  Time: 25-MAR-2017 02:11:00
  Tracing not turned on.
  Tns error struct:
    ns main err code: 12564
    TNS-12564: TNS:connection refused
    ns secondary err code: 0
    nt main err code: 0
    nt secondary err code: 0
    nt OS err code: 0


***********************************************************************
Fatal NI connect error 12514, connecting to:
 (description=(address=(protocol=tcp)(host=kpabilscan)(port=1521))(connect_data=(service_name=prdcustap)(server=dedicated)(CID=(PROGRAM=perl@kpr01batch)(HOST=kpr01batch)(USER=prdwrk1))))

  VERSION INFORMATION:
	TNS for Linux: Version 11.2.0.2.0 - Production
	TCP/IP NT Protocol Adapter for Linux: Version 11.2.0.2.0 - Production
  Time: 25-MAR-2017 02:14:00
  Tracing not turned on.
  Tns error struct:
    ns main err code: 12564
    TNS-12564: TNS:connection refused
    ns secondary err code: 0
    nt main err code: 0
    nt secondary err code: 0
    nt OS err code: 0


***********************************************************************
Fatal NI connect error 12514, connecting to:
 (description=(address=(protocol=tcp)(host=kpabilscan)(port=1521))(connect_data=(service_name=prdcustap)(server=dedicated)(CID=(PROGRAM=perl@kpr01batch)(HOST=kpr01batch)(USER=prdwrk1))))

  VERSION INFORMATION:
	TNS for Linux: Version 11.2.0.2.0 - Production
	TCP/IP NT Protocol Adapter for Linux: Version 11.2.0.2.0 - Production
  Time: 25-MAR-2017 02:17:00
  Tracing not turned on.
  Tns error struct:
    ns main err code: 12564
    TNS-12564: TNS:connection refused
    ns secondary err code: 0
    nt main err code: 0
    nt secondary err code: 0
    nt OS err code: 0


***********************************************************************
Fatal NI connect error 12514, connecting to:
 (description=(address=(protocol=tcp)(host=kpabilscan)(port=1521))(connect_data=(service_name=prdcustap)(server=dedicated)(CID=(PROGRAM=perl@kpr01batch)(HOST=kpr01batch)(USER=prdwrk1))))

  VERSION INFORMATION:
	TNS for Linux: Version 11.2.0.2.0 - Production
	TCP/IP NT Protocol Adapter for Linux: Version 11.2.0.2.0 - Production
  Time: 25-MAR-2017 02:20:00
  Tracing not turned on.
  Tns error struct:
    ns main err code: 12564
    TNS-12564: TNS:connection refused
    ns secondary err code: 0
    nt main err code: 0
    nt secondary err code: 0
    nt OS err code: 0


***********************************************************************
Fatal NI connect error 12514, connecting to:
 (description=(address=(protocol=tcp)(host=kpabilscan)(port=1521))(connect_data=(service_name=prdcustap)(server=dedicated)(CID=(PROGRAM=perl@kpr01batch)(HOST=kpr01batch)(USER=prdwrk1))))

  VERSION INFORMATION:
	TNS for Linux: Version 11.2.0.2.0 - Production
	TCP/IP NT Protocol Adapter for Linux: Version 11.2.0.2.0 - Production
  Time: 25-MAR-2017 02:23:00
  Tracing not turned on.
  Tns error struct:
    ns main err code: 12564
    TNS-12564: TNS:connection refused
    ns secondary err code: 0
    nt main err code: 0
    nt secondary err code: 0
    nt OS err code: 0


***********************************************************************
Fatal NI connect error 12514, connecting to:
 (description=(address=(protocol=tcp)(host=kpabilscan)(port=1521))(connect_data=(service_name=prdcustap)(server=dedicated)(CID=(PROGRAM=perl@kpr01batch)(HOST=kpr01batch)(USER=prdwrk1))))

  VERSION INFORMATION:
	TNS for Linux: Version 11.2.0.2.0 - Production
	TCP/IP NT Protocol Adapter for Linux: Version 11.2.0.2.0 - Production
  Time: 25-MAR-2017 02:26:00
  Tracing not turned on.
  Tns error struct:
    ns main err code: 12564
    TNS-12564: TNS:connection refused
    ns secondary err code: 0
    nt main err code: 0
    nt secondary err code: 0
    nt OS err code: 0


***********************************************************************
Fatal NI connect error 12514, connecting to:
 (description=(address=(protocol=tcp)(host=kpabilscan)(port=1521))(connect_data=(service_name=prdcustap)(server=dedicated)(CID=(PROGRAM=perl@kpr01batch)(HOST=kpr01batch)(USER=prdwrk1))))

  VERSION INFORMATION:
	TNS for Linux: Version 11.2.0.2.0 - Production
	TCP/IP NT Protocol Adapter for Linux: Version 11.2.0.2.0 - Production
  Time: 25-MAR-2017 02:29:00
  Tracing not turned on.
  Tns error struct:
    ns main err code: 12564
    TNS-12564: TNS:connection refused
    ns secondary err code: 0
    nt main err code: 0
    nt secondary err code: 0
    nt OS err code: 0


***********************************************************************
Fatal NI connect error 12514, connecting to:
 (description=(address=(protocol=tcp)(host=kpabilscan)(port=1521))(connect_data=(service_name=prdcustap)(server=dedicated)(CID=(PROGRAM=perl@kpr01batch)(HOST=kpr01batch)(USER=prdwrk1))))

  VERSION INFORMATION:
	TNS for Linux: Version 11.2.0.2.0 - Production
	TCP/IP NT Protocol Adapter for Linux: Version 11.2.0.2.0 - Production
  Time: 25-MAR-2017 02:32:00
  Tracing not turned on.
  Tns error struct:
    ns main err code: 12564
    TNS-12564: TNS:connection refused
    ns secondary err code: 0
    nt main err code: 0
    nt secondary err code: 0
    nt OS err code: 0


***********************************************************************
Fatal NI connect error 12514, connecting to:
 (description=(address=(protocol=tcp)(host=kpabilscan)(port=1521))(connect_data=(service_name=prdcustap)(server=dedicated)(CID=(PROGRAM=perl@kpr01batch)(HOST=kpr01batch)(USER=prdwrk1))))

  VERSION INFORMATION:
	TNS for Linux: Version 11.2.0.2.0 - Production
	TCP/IP NT Protocol Adapter for Linux: Version 11.2.0.2.0 - Production
  Time: 25-MAR-2017 02:35:00
  Tracing not turned on.
  Tns error struct:
    ns main err code: 12564
    TNS-12564: TNS:connection refused
    ns secondary err code: 0
    nt main err code: 0
    nt secondary err code: 0
    nt OS err code: 0


***********************************************************************
Fatal NI connect error 12514, connecting to:
 (description=(address=(protocol=tcp)(host=kpabilscan)(port=1521))(connect_data=(service_name=prdcustap)(server=dedicated)(CID=(PROGRAM=perl@kpr01batch)(HOST=kpr01batch)(USER=prdwrk1))))

  VERSION INFORMATION:
	TNS for Linux: Version 11.2.0.2.0 - Production
	TCP/IP NT Protocol Adapter for Linux: Version 11.2.0.2.0 - Production
  Time: 10-JUN-2017 23:23:00
  Tracing not turned on.
  Tns error struct:
    ns main err code: 12564
    TNS-12564: TNS:connection refused
    ns secondary err code: 0
    nt main err code: 0
    nt secondary err code: 0
    nt OS err code: 0


***********************************************************************
Fatal NI connect error 12514, connecting to:
 (description=(address=(protocol=tcp)(host=kpabilscan)(port=1521))(connect_data=(service_name=prdcustap)(server=dedicated)(CID=(PROGRAM=perl@kpr01batch)(HOST=kpr01batch)(USER=prdwrk1))))

  VERSION INFORMATION:
	TNS for Linux: Version 11.2.0.2.0 - Production
	TCP/IP NT Protocol Adapter for Linux: Version 11.2.0.2.0 - Production
  Time: 10-JUN-2017 23:26:00
  Tracing not turned on.
  Tns error struct:
    ns main err code: 12564
    TNS-12564: TNS:connection refused
    ns secondary err code: 0
    nt main err code: 0
    nt secondary err code: 0
    nt OS err code: 0


***********************************************************************
Fatal NI connect error 12514, connecting to:
 (description=(address=(protocol=tcp)(host=kpabilscan)(port=1521))(connect_data=(service_name=prdcustap)(server=dedicated)(CID=(PROGRAM=perl@kpr01batch)(HOST=kpr01batch)(USER=prdwrk1))))

  VERSION INFORMATION:
	TNS for Linux: Version 11.2.0.2.0 - Production
	TCP/IP NT Protocol Adapter for Linux: Version 11.2.0.2.0 - Production
  Time: 10-JUN-2017 23:29:00
  Tracing not turned on.
  Tns error struct:
    ns main err code: 12564
    TNS-12564: TNS:connection refused
    ns secondary err code: 0
    nt main err code: 0
    nt secondary err code: 0
    nt OS err code: 0


***********************************************************************
Fatal NI connect error 12170.

  VERSION INFORMATION:
	TNS for Linux: Version 11.2.0.2.0 - Production
	TCP/IP NT Protocol Adapter for Linux: Version 11.2.0.2.0 - Production
  Time: 16-FEB-2018 07:14:27
  Tracing not turned on.
  Tns error struct:
    ns main err code: 12535
    TNS-12535: TNS:operation timed out
    ns secondary err code: 12560
    nt main err code: 505
    TNS-00505: Operation timed out
    nt secondary err code: 110
    nt OS err code: 0
  Client address: <unknown>


***********************************************************************
Fatal NI connect error 12514, connecting to:
 (description=(address=(protocol=tcp)(host=kpabilscan)(port=1521))(connect_data=(service_name=prdcustap)(server=dedicated)(CID=(PROGRAM=perl@kpr01batch)(HOST=kpr01batch)(USER=prdwrk1))))

  VERSION INFORMATION:
	TNS for Linux: Version 11.2.0.2.0 - Production
	TCP/IP NT Protocol Adapter for Linux: Version 11.2.0.2.0 - Production
  Time: 16-FEB-2018 07:17:00
  Tracing not turned on.
  Tns error struct:
    ns main err code: 12564
    TNS-12564: TNS:connection refused
    ns secondary err code: 0
    nt main err code: 0
    nt secondary err code: 0
    nt OS err code: 0


***********************************************************************
Fatal NI connect error 12514, connecting to:
 (description=(address=(protocol=tcp)(host=kpabilscan)(port=1521))(connect_data=(service_name=prdcustap)(server=dedicated)(CID=(PROGRAM=perl@kpr01batch)(HOST=kpr01batch)(USER=prdwrk1))))

  VERSION INFORMATION:
	TNS for Linux: Version 11.2.0.2.0 - Production
	TCP/IP NT Protocol Adapter for Linux: Version 11.2.0.2.0 - Production
  Time: 16-FEB-2018 07:20:00
  Tracing not turned on.
  Tns error struct:
    ns main err code: 12564
    TNS-12564: TNS:connection refused
    ns secondary err code: 0
    nt main err code: 0
    nt secondary err code: 0
    nt OS err code: 0


***********************************************************************
Fatal NI connect error 12514, connecting to:
 (description=(address=(protocol=tcp)(host=kpabilscan)(port=1521))(connect_data=(service_name=prdcustap)(server=dedicated)(CID=(PROGRAM=perl@kpr01batch)(HOST=kpr01batch)(USER=prdwrk1))))

  VERSION INFORMATION:
	TNS for Linux: Version 11.2.0.2.0 - Production
	TCP/IP NT Protocol Adapter for Linux: Version 11.2.0.2.0 - Production
  Time: 16-FEB-2018 07:23:00
  Tracing not turned on.
  Tns error struct:
    ns main err code: 12564
    TNS-12564: TNS:connection refused
    ns secondary err code: 0
    nt main err code: 0
    nt secondary err code: 0
    nt OS err code: 0


***********************************************************************
Fatal NI connect error 12514, connecting to:
 (description=(address=(protocol=tcp)(host=kpabilscan)(port=1521))(connect_data=(service_name=prdcustap)(server=dedicated)(CID=(PROGRAM=perl@kpr01batch)(HOST=kpr01batch)(USER=prdwrk1))))

  VERSION INFORMATION:
	TNS for Linux: Version 11.2.0.2.0 - Production
	TCP/IP NT Protocol Adapter for Linux: Version 11.2.0.2.0 - Production
  Time: 16-FEB-2018 07:26:00
  Tracing not turned on.
  Tns error struct:
    ns main err code: 12564
    TNS-12564: TNS:connection refused
    ns secondary err code: 0
    nt main err code: 0
    nt secondary err code: 0
    nt OS err code: 0


***********************************************************************
Fatal NI connect error 12514, connecting to:
 (description=(address=(protocol=tcp)(host=kpabilscan)(port=1521))(connect_data=(service_name=prdcustap)(server=dedicated)(CID=(PROGRAM=perl@kpr01batch)(HOST=kpr01batch)(USER=prdwrk1))))

  VERSION INFORMATION:
	TNS for Linux: Version 11.2.0.2.0 - Production
	TCP/IP NT Protocol Adapter for Linux: Version 11.2.0.2.0 - Production
  Time: 16-FEB-2018 07:29:00
  Tracing not turned on.
  Tns error struct:
    ns main err code: 12564
    TNS-12564: TNS:connection refused
    ns secondary err code: 0
    nt main err code: 0
    nt secondary err code: 0
    nt OS err code: 0


***********************************************************************
Fatal NI connect error 12514, connecting to:
 (description=(address=(protocol=tcp)(host=kpabilscan)(port=1521))(connect_data=(service_name=prdcustap)(server=dedicated)(CID=(PROGRAM=perl@kpr01batch)(HOST=kpr01batch)(USER=prdwrk1))))

  VERSION INFORMATION:
	TNS for Linux: Version 11.2.0.2.0 - Production
	TCP/IP NT Protocol Adapter for Linux: Version 11.2.0.2.0 - Production
  Time: 16-FEB-2018 07:32:00
  Tracing not turned on.
  Tns error struct:
    ns main err code: 12564
    TNS-12564: TNS:connection refused
    ns secondary err code: 0
    nt main err code: 0
    nt secondary err code: 0
    nt OS err code: 0


***********************************************************************
Fatal NI connect error 12514, connecting to:
 (description=(address=(protocol=tcp)(host=kpabilscan)(port=1521))(connect_data=(service_name=prdcustap)(server=dedicated)(CID=(PROGRAM=perl@kpr01batch)(HOST=kpr01batch)(USER=prdwrk1))))

  VERSION INFORMATION:
	TNS for Linux: Version 11.2.0.2.0 - Production
	TCP/IP NT Protocol Adapter for Linux: Version 11.2.0.2.0 - Production
  Time: 16-FEB-2018 07:35:00
  Tracing not turned on.
  Tns error struct:
    ns main err code: 12564
    TNS-12564: TNS:connection refused
    ns secondary err code: 0
    nt main err code: 0
    nt secondary err code: 0
    nt OS err code: 0


***********************************************************************
Fatal NI connect error 12514, connecting to:
 (description=(address=(protocol=tcp)(host=kpabilscan)(port=1521))(connect_data=(service_name=prdcustap)(server=dedicated)(CID=(PROGRAM=perl@kpr01batch)(HOST=kpr01batch)(USER=prdwrk1))))

  VERSION INFORMATION:
	TNS for Linux: Version 11.2.0.2.0 - Production
	TCP/IP NT Protocol Adapter for Linux: Version 11.2.0.2.0 - Production
  Time: 16-FEB-2018 07:38:00
  Tracing not turned on.
  Tns error struct:
    ns main err code: 12564
    TNS-12564: TNS:connection refused
    ns secondary err code: 0
    nt main err code: 0
    nt secondary err code: 0
    nt OS err code: 0


***********************************************************************
Fatal NI connect error 12514, connecting to:
 (description=(address=(protocol=tcp)(host=kpabilscan)(port=1521))(connect_data=(service_name=prdcustap)(server=dedicated)(CID=(PROGRAM=perl@kpr01batch)(HOST=kpr01batch)(USER=prdwrk1))))

  VERSION INFORMATION:
	TNS for Linux: Version 11.2.0.2.0 - Production
	TCP/IP NT Protocol Adapter for Linux: Version 11.2.0.2.0 - Production
  Time: 16-FEB-2018 07:41:00
  Tracing not turned on.
  Tns error struct:
    ns main err code: 12564
    TNS-12564: TNS:connection refused
    ns secondary err code: 0
    nt main err code: 0
    nt secondary err code: 0
    nt OS err code: 0


***********************************************************************
Fatal NI connect error 12514, connecting to:
 (description=(address=(protocol=tcp)(host=kpabilscan)(port=1521))(connect_data=(service_name=prdcustap)(server=dedicated)(CID=(PROGRAM=perl@kpr01batch)(HOST=kpr01batch)(USER=prdwrk1))))

  VERSION INFORMATION:
	TNS for Linux: Version 11.2.0.2.0 - Production
	TCP/IP NT Protocol Adapter for Linux: Version 11.2.0.2.0 - Production
  Time: 16-FEB-2018 07:44:00
  Tracing not turned on.
  Tns error struct:
    ns main err code: 12564
    TNS-12564: TNS:connection refused
    ns secondary err code: 0
    nt main err code: 0
    nt secondary err code: 0
    nt OS err code: 0


***********************************************************************
Fatal NI connect error 12514, connecting to:
 (description=(address=(protocol=tcp)(host=kpabilscan)(port=1521))(connect_data=(service_name=prdcustap)(server=dedicated)(CID=(PROGRAM=perl@kpr01batch)(HOST=kpr01batch)(USER=prdwrk1))))

  VERSION INFORMATION:
	TNS for Linux: Version 11.2.0.2.0 - Production
	TCP/IP NT Protocol Adapter for Linux: Version 11.2.0.2.0 - Production
  Time: 16-FEB-2018 07:47:00
  Tracing not turned on.
  Tns error struct:
    ns main err code: 12564
    TNS-12564: TNS:connection refused
    ns secondary err code: 0
    nt main err code: 0
    nt secondary err code: 0
    nt OS err code: 0


***********************************************************************
Fatal NI connect error 12514, connecting to:
 (description=(address=(protocol=tcp)(host=kpabilscan)(port=1521))(connect_data=(service_name=prdcustap)(server=dedicated)(CID=(PROGRAM=perl@kpr01batch)(HOST=kpr01batch)(USER=prdwrk1))))

  VERSION INFORMATION:
	TNS for Linux: Version 11.2.0.2.0 - Production
	TCP/IP NT Protocol Adapter for Linux: Version 11.2.0.2.0 - Production
  Time: 16-FEB-2018 07:50:00
  Tracing not turned on.
  Tns error struct:
    ns main err code: 12564
    TNS-12564: TNS:connection refused
    ns secondary err code: 0
    nt main err code: 0
    nt secondary err code: 0
    nt OS err code: 0


***********************************************************************
Fatal NI connect error 12514, connecting to:
 (description=(address=(protocol=tcp)(host=kpabilscan)(port=1521))(connect_data=(service_name=prdcustap)(server=dedicated)(CID=(PROGRAM=perl@kpr01batch)(HOST=kpr01batch)(USER=prdwrk1))))

  VERSION INFORMATION:
	TNS for Linux: Version 11.2.0.2.0 - Production
	TCP/IP NT Protocol Adapter for Linux: Version 11.2.0.2.0 - Production
  Time: 16-FEB-2018 07:53:00
  Tracing not turned on.
  Tns error struct:
    ns main err code: 12564
    TNS-12564: TNS:connection refused
    ns secondary err code: 0
    nt main err code: 0
    nt secondary err code: 0
    nt OS err code: 0


***********************************************************************
Fatal NI connect error 12514, connecting to:
 (description=(address=(protocol=tcp)(host=kpabilscan)(port=1521))(connect_data=(service_name=prdcustap)(server=dedicated)(CID=(PROGRAM=perl@kpr01batch)(HOST=kpr01batch)(USER=prdwrk1))))

  VERSION INFORMATION:
	TNS for Linux: Version 11.2.0.2.0 - Production
	TCP/IP NT Protocol Adapter for Linux: Version 11.2.0.2.0 - Production
  Time: 16-FEB-2018 07:56:00
  Tracing not turned on.
  Tns error struct:
    ns main err code: 12564
    TNS-12564: TNS:connection refused
    ns secondary err code: 0
    nt main err code: 0
    nt secondary err code: 0
    nt OS err code: 0


***********************************************************************
Fatal NI connect error 12514, connecting to:
 (description=(address=(protocol=tcp)(host=kpabilscan)(port=1521))(connect_data=(service_name=prdcustap)(server=dedicated)(CID=(PROGRAM=perl@kpr01batch)(HOST=kpr01batch)(USER=prdwrk1))))

  VERSION INFORMATION:
	TNS for Linux: Version 11.2.0.2.0 - Production
	TCP/IP NT Protocol Adapter for Linux: Version 11.2.0.2.0 - Production
  Time: 16-FEB-2018 07:59:00
  Tracing not turned on.
  Tns error struct:
    ns main err code: 12564
    TNS-12564: TNS:connection refused
    ns secondary err code: 0
    nt main err code: 0
    nt secondary err code: 0
    nt OS err code: 0


***********************************************************************
Fatal NI connect error 12514, connecting to:
 (description=(address=(protocol=tcp)(host=kpabilscan)(port=1521))(connect_data=(service_name=prdcustap)(server=dedicated)(CID=(PROGRAM=perl@kpr01batch)(HOST=kpr01batch)(USER=prdwrk1))))

  VERSION INFORMATION:
	TNS for Linux: Version 11.2.0.2.0 - Production
	TCP/IP NT Protocol Adapter for Linux: Version 11.2.0.2.0 - Production
  Time: 16-FEB-2018 08:02:00
  Tracing not turned on.
  Tns error struct:
    ns main err code: 12564
    TNS-12564: TNS:connection refused
    ns secondary err code: 0
    nt main err code: 0
    nt secondary err code: 0
    nt OS err code: 0


***********************************************************************
Fatal NI connect error 12514, connecting to:
 (description=(address=(protocol=tcp)(host=kpabilscan)(port=1521))(connect_data=(service_name=prdcustap)(server=dedicated)(CID=(PROGRAM=perl@kpr01batch)(HOST=kpr01batch)(USER=prdwrk1))))

  VERSION INFORMATION:
	TNS for Linux: Version 11.2.0.2.0 - Production
	TCP/IP NT Protocol Adapter for Linux: Version 11.2.0.2.0 - Production
  Time: 16-FEB-2018 08:05:00
  Tracing not turned on.
  Tns error struct:
    ns main err code: 12564
    TNS-12564: TNS:connection refused
    ns secondary err code: 0
    nt main err code: 0
    nt secondary err code: 0
    nt OS err code: 0


***********************************************************************
Fatal NI connect error 12514, connecting to:
 (description=(address=(protocol=tcp)(host=kpabilscan)(port=1521))(connect_data=(service_name=prdcustap)(server=dedicated)(CID=(PROGRAM=perl@kpr01batch)(HOST=kpr01batch)(USER=prdwrk1))))

  VERSION INFORMATION:
	TNS for Linux: Version 11.2.0.2.0 - Production
	TCP/IP NT Protocol Adapter for Linux: Version 11.2.0.2.0 - Production
  Time: 16-FEB-2018 08:08:00
  Tracing not turned on.
  Tns error struct:
    ns main err code: 12564
    TNS-12564: TNS:connection refused
    ns secondary err code: 0
    nt main err code: 0
    nt secondary err code: 0
    nt OS err code: 0


***********************************************************************
Fatal NI connect error 12514, connecting to:
 (description=(address=(protocol=tcp)(host=kpabilscan)(port=1521))(connect_data=(service_name=prdcustap)(server=dedicated)(CID=(PROGRAM=perl@kpr01batch)(HOST=kpr01batch)(USER=prdwrk1))))

  VERSION INFORMATION:
	TNS for Linux: Version 11.2.0.2.0 - Production
	TCP/IP NT Protocol Adapter for Linux: Version 11.2.0.2.0 - Production
  Time: 16-FEB-2018 08:11:00
  Tracing not turned on.
  Tns error struct:
    ns main err code: 12564
    TNS-12564: TNS:connection refused
    ns secondary err code: 0
    nt main err code: 0
    nt secondary err code: 0
    nt OS err code: 0


***********************************************************************
Fatal NI connect error 12514, connecting to:
 (description=(address=(protocol=tcp)(host=kpabilscan)(port=1521))(connect_data=(service_name=prdcustap)(server=dedicated)(CID=(PROGRAM=perl@kpr01batch)(HOST=kpr01batch)(USER=prdwrk1))))

  VERSION INFORMATION:
	TNS for Linux: Version 11.2.0.2.0 - Production
	TCP/IP NT Protocol Adapter for Linux: Version 11.2.0.2.0 - Production
  Time: 16-FEB-2018 08:14:00
  Tracing not turned on.
  Tns error struct:
    ns main err code: 12564
    TNS-12564: TNS:connection refused
    ns secondary err code: 0
    nt main err code: 0
    nt secondary err code: 0
    nt OS err code: 0


***********************************************************************
Fatal NI connect error 12514, connecting to:
 (description=(address=(protocol=tcp)(host=kpabilscan)(port=1521))(connect_data=(service_name=prdcustap)(server=dedicated)(CID=(PROGRAM=perl@kpr01batch)(HOST=kpr01batch)(USER=prdwrk1))))

  VERSION INFORMATION:
	TNS for Linux: Version 11.2.0.2.0 - Production
	TCP/IP NT Protocol Adapter for Linux: Version 11.2.0.2.0 - Production
  Time: 16-FEB-2018 08:17:00
  Tracing not turned on.
  Tns error struct:
    ns main err code: 12564
    TNS-12564: TNS:connection refused
    ns secondary err code: 0
    nt main err code: 0
    nt secondary err code: 0
    nt OS err code: 0


***********************************************************************
Fatal NI connect error 12514, connecting to:
 (description=(address=(protocol=tcp)(host=kpabilscan)(port=1521))(connect_data=(service_name=prdcustap)(server=dedicated)(CID=(PROGRAM=perl@kpr01batch)(HOST=kpr01batch)(USER=prdwrk1))))

  VERSION INFORMATION:
	TNS for Linux: Version 11.2.0.2.0 - Production
	TCP/IP NT Protocol Adapter for Linux: Version 11.2.0.2.0 - Production
  Time: 16-FEB-2018 08:20:00
  Tracing not turned on.
  Tns error struct:
    ns main err code: 12564
    TNS-12564: TNS:connection refused
    ns secondary err code: 0
    nt main err code: 0
    nt secondary err code: 0
    nt OS err code: 0


***********************************************************************
Fatal NI connect error 12514, connecting to:
 (description=(address=(protocol=tcp)(host=kpabilscan)(port=1521))(connect_data=(service_name=prdcustap)(server=dedicated)(CID=(PROGRAM=perl@kpr01batch)(HOST=kpr01batch)(USER=prdwrk1))))

  VERSION INFORMATION:
	TNS for Linux: Version 11.2.0.2.0 - Production
	TCP/IP NT Protocol Adapter for Linux: Version 11.2.0.2.0 - Production
  Time: 16-FEB-2018 08:23:00
  Tracing not turned on.
  Tns error struct:
    ns main err code: 12564
    TNS-12564: TNS:connection refused
    ns secondary err code: 0
    nt main err code: 0
    nt secondary err code: 0
    nt OS err code: 0


***********************************************************************
Fatal NI connect error 12514, connecting to:
 (description=(address=(protocol=tcp)(host=kpabilscan)(port=1521))(connect_data=(service_name=prdcustap)(server=dedicated)(CID=(PROGRAM=perl@kpr01batch)(HOST=kpr01batch)(USER=prdwrk1))))

  VERSION INFORMATION:
	TNS for Linux: Version 11.2.0.2.0 - Production
	TCP/IP NT Protocol Adapter for Linux: Version 11.2.0.2.0 - Production
  Time: 16-FEB-2018 08:26:00
  Tracing not turned on.
  Tns error struct:
    ns main err code: 12564
    TNS-12564: TNS:connection refused
    ns secondary err code: 0
    nt main err code: 0
    nt secondary err code: 0
    nt OS err code: 0


***********************************************************************
Fatal NI connect error 12514, connecting to:
 (description=(address=(protocol=tcp)(host=kpabilscan)(port=1521))(connect_data=(service_name=prdcustap)(server=dedicated)(CID=(PROGRAM=perl@kpr01batch)(HOST=kpr01batch)(USER=prdwrk1))))

  VERSION INFORMATION:
	TNS for Linux: Version 11.2.0.2.0 - Production
	TCP/IP NT Protocol Adapter for Linux: Version 11.2.0.2.0 - Production
  Time: 03-MAR-2018 23:26:00
  Tracing not turned on.
  Tns error struct:
    ns main err code: 12564
    TNS-12564: TNS:connection refused
    ns secondary err code: 0
    nt main err code: 0
    nt secondary err code: 0
    nt OS err code: 0


***********************************************************************
Fatal NI connect error 12514, connecting to:
 (description=(address=(protocol=tcp)(host=kpabilscan)(port=1521))(connect_data=(service_name=prdcustap)(server=dedicated)(CID=(PROGRAM=perl@kpr01batch)(HOST=kpr01batch)(USER=prdwrk1))))

  VERSION INFORMATION:
	TNS for Linux: Version 11.2.0.2.0 - Production
	TCP/IP NT Protocol Adapter for Linux: Version 11.2.0.2.0 - Production
  Time: 03-MAR-2018 23:29:00
  Tracing not turned on.
  Tns error struct:
    ns main err code: 12564
    TNS-12564: TNS:connection refused
    ns secondary err code: 0
    nt main err code: 0
    nt secondary err code: 0
    nt OS err code: 0


***********************************************************************
Fatal NI connect error 12514, connecting to:
 (description=(address=(protocol=tcp)(host=kpabilscan)(port=1521))(connect_data=(service_name=prdcustap)(server=dedicated)(CID=(PROGRAM=perl@kpr01batch)(HOST=kpr01batch)(USER=prdwrk1))))

  VERSION INFORMATION:
	TNS for Linux: Version 11.2.0.2.0 - Production
	TCP/IP NT Protocol Adapter for Linux: Version 11.2.0.2.0 - Production
  Time: 03-MAR-2018 23:32:00
  Tracing not turned on.
  Tns error struct:
    ns main err code: 12564
    TNS-12564: TNS:connection refused
    ns secondary err code: 0
    nt main err code: 0
    nt secondary err code: 0
    nt OS err code: 0


***********************************************************************
Fatal NI connect error 12502, connecting to:
 (description=(address=(protocol=tcp)(host=kpabilscan)(port=1521))(connect_data=(service_name=prdcustap)(server=dedicated)(CID=(PROGRAM=perl@kpr01batch)(HOST=kpr01batch)(USER=prdwrk1))))

  VERSION INFORMATION:
	TNS for Linux: Version 11.2.0.2.0 - Production
	TCP/IP NT Protocol Adapter for Linux: Version 11.2.0.2.0 - Production
  Time: 13-MAR-2018 00:35:18
  Tracing not turned on.
  Tns error struct:
    ns main err code: 12564
    TNS-12564: TNS:connection refused
    ns secondary err code: 12560
    nt main err code: 505
    TNS-00505: Operation timed out
    nt secondary err code: 110
    nt OS err code: 0


***********************************************************************
Fatal NI connect error 12514, connecting to:
 (description=(address=(protocol=tcp)(host=kpabilscan)(port=1521))(connect_data=(service_name=prdcustap)(server=dedicated)(CID=(PROGRAM=perl@kpr01batch)(HOST=kpr01batch)(USER=prdwrk1))))

  VERSION INFORMATION:
	TNS for Linux: Version 11.2.0.2.0 - Production
	TCP/IP NT Protocol Adapter for Linux: Version 11.2.0.2.0 - Production
  Time: 27-MAR-2018 00:35:00
  Tracing not turned on.
  Tns error struct:
    ns main err code: 12564
    TNS-12564: TNS:connection refused
    ns secondary err code: 0
    nt main err code: 0
    nt secondary err code: 0
    nt OS err code: 0


***********************************************************************
Fatal NI connect error 12514, connecting to:
 (description=(address=(protocol=tcp)(host=kpabilscan)(port=1521))(connect_data=(service_name=prdcustap)(server=dedicated)(CID=(PROGRAM=perl@kpr01batch)(HOST=kpr01batch)(USER=prdwrk1))))

  VERSION INFORMATION:
	TNS for Linux: Version 11.2.0.2.0 - Production
	TCP/IP NT Protocol Adapter for Linux: Version 11.2.0.2.0 - Production
  Time: 27-MAR-2018 00:38:00
  Tracing not turned on.
  Tns error struct:
    ns main err code: 12564
    TNS-12564: TNS:connection refused
    ns secondary err code: 0
    nt main err code: 0
    nt secondary err code: 0
    nt OS err code: 0


***********************************************************************
Fatal NI connect error 12514, connecting to:
 (description=(address=(protocol=tcp)(host=kpabilscan)(port=1521))(connect_data=(service_name=prdcustap)(server=dedicated)(CID=(PROGRAM=perl@kpr01batch)(HOST=kpr01batch)(USER=prdwrk1))))

  VERSION INFORMATION:
	TNS for Linux: Version 11.2.0.2.0 - Production
	TCP/IP NT Protocol Adapter for Linux: Version 11.2.0.2.0 - Production
  Time: 27-MAR-2018 00:41:00
  Tracing not turned on.
  Tns error struct:
    ns main err code: 12564
    TNS-12564: TNS:connection refused
    ns secondary err code: 0
    nt main err code: 0
    nt secondary err code: 0
    nt OS err code: 0


***********************************************************************
Fatal NI connect error 12514, connecting to:
 (description=(address=(protocol=tcp)(host=kpabilscan)(port=1521))(connect_data=(service_name=prdcustap)(server=dedicated)(CID=(PROGRAM=perl@kpr01batch)(HOST=kpr01batch)(USER=prdwrk1))))

  VERSION INFORMATION:
	TNS for Linux: Version 11.2.0.2.0 - Production
	TCP/IP NT Protocol Adapter for Linux: Version 11.2.0.2.0 - Production
  Time: 27-MAR-2018 00:44:00
  Tracing not turned on.
  Tns error struct:
    ns main err code: 12564
    TNS-12564: TNS:connection refused
    ns secondary err code: 0
    nt main err code: 0
    nt secondary err code: 0
    nt OS err code: 0


***********************************************************************
Fatal NI connect error 12514, connecting to:
 (description=(address=(protocol=tcp)(host=kpabilscan)(port=1521))(connect_data=(service_name=prdcustap)(server=dedicated)(CID=(PROGRAM=perl@kpr01batch)(HOST=kpr01batch)(USER=prdwrk1))))

  VERSION INFORMATION:
	TNS for Linux: Version 11.2.0.2.0 - Production
	TCP/IP NT Protocol Adapter for Linux: Version 11.2.0.2.0 - Production
  Time: 06-MAY-2018 20:47:00
  Tracing not turned on.
  Tns error struct:
    ns main err code: 12564
    TNS-12564: TNS:connection refused
    ns secondary err code: 0
    nt main err code: 0
    nt secondary err code: 0
    nt OS err code: 0


***********************************************************************
Fatal NI connect error 12514, connecting to:
 (description=(address=(protocol=tcp)(host=kpabilscan)(port=1521))(connect_data=(service_name=prdcustap)(server=dedicated)(CID=(PROGRAM=perl@kpr01batch)(HOST=kpr01batch)(USER=prdwrk1))))

  VERSION INFORMATION:
	TNS for Linux: Version 11.2.0.2.0 - Production
	TCP/IP NT Protocol Adapter for Linux: Version 11.2.0.2.0 - Production
  Time: 06-MAY-2018 20:50:00
  Tracing not turned on.
  Tns error struct:
    ns main err code: 12564
    TNS-12564: TNS:connection refused
    ns secondary err code: 0
    nt main err code: 0
    nt secondary err code: 0
    nt OS err code: 0


***********************************************************************
Fatal NI connect error 12514, connecting to:
 (description=(address=(protocol=tcp)(host=kpabilscan)(port=1521))(connect_data=(service_name=prdcustap)(server=dedicated)(CID=(PROGRAM=perl@kpr01batch)(HOST=kpr01batch)(USER=prdwrk1))))

  VERSION INFORMATION:
	TNS for Linux: Version 11.2.0.2.0 - Production
	TCP/IP NT Protocol Adapter for Linux: Version 11.2.0.2.0 - Production
  Time: 06-MAY-2018 20:53:00
  Tracing not turned on.
  Tns error struct:
    ns main err code: 12564
    TNS-12564: TNS:connection refused
    ns secondary err code: 0
    nt main err code: 0
    nt secondary err code: 0
    nt OS err code: 0


***********************************************************************
Fatal NI connect error 12514, connecting to:
 (description=(address=(protocol=tcp)(host=kpabilscan)(port=1521))(connect_data=(service_name=prdcustap)(server=dedicated)(CID=(PROGRAM=perl@kpr01batch)(HOST=kpr01batch)(USER=prdwrk1))))

  VERSION INFORMATION:
	TNS for Linux: Version 11.2.0.2.0 - Production
	TCP/IP NT Protocol Adapter for Linux: Version 11.2.0.2.0 - Production
  Time: 06-MAY-2018 20:56:00
  Tracing not turned on.
  Tns error struct:
    ns main err code: 12564
    TNS-12564: TNS:connection refused
    ns secondary err code: 0
    nt main err code: 0
    nt secondary err code: 0
    nt OS err code: 0


***********************************************************************
Fatal NI connect error 12514, connecting to:
 (description=(address=(protocol=tcp)(host=kpabilscan)(port=1521))(connect_data=(service_name=prdcustap)(server=dedicated)(CID=(PROGRAM=perl@kpr01batch)(HOST=kpr01batch)(USER=prdwrk1))))

  VERSION INFORMATION:
	TNS for Linux: Version 11.2.0.2.0 - Production
	TCP/IP NT Protocol Adapter for Linux: Version 11.2.0.2.0 - Production
  Time: 06-MAY-2018 20:59:00
  Tracing not turned on.
  Tns error struct:
    ns main err code: 12564
    TNS-12564: TNS:connection refused
    ns secondary err code: 0
    nt main err code: 0
    nt secondary err code: 0
    nt OS err code: 0


***********************************************************************
Fatal NI connect error 12514, connecting to:
 (description=(address=(protocol=tcp)(host=kpabilscan)(port=1521))(connect_data=(service_name=prdcustap)(server=dedicated)(CID=(PROGRAM=perl@kpr01batch)(HOST=kpr01batch)(USER=prdwrk1))))

  VERSION INFORMATION:
	TNS for Linux: Version 11.2.0.2.0 - Production
	TCP/IP NT Protocol Adapter for Linux: Version 11.2.0.2.0 - Production
  Time: 06-MAY-2018 21:02:00
  Tracing not turned on.
  Tns error struct:
    ns main err code: 12564
    TNS-12564: TNS:connection refused
    ns secondary err code: 0
    nt main err code: 0
    nt secondary err code: 0
    nt OS err code: 0


***********************************************************************
Fatal NI connect error 12514, connecting to:
 (description=(address=(protocol=tcp)(host=kpabilscan)(port=1521))(connect_data=(service_name=prdcustap)(server=dedicated)(CID=(PROGRAM=perl@kpr01batch)(HOST=kpr01batch)(USER=prdwrk1))))

  VERSION INFORMATION:
	TNS for Linux: Version 11.2.0.2.0 - Production
	TCP/IP NT Protocol Adapter for Linux: Version 11.2.0.2.0 - Production
  Time: 06-MAY-2018 21:05:00
  Tracing not turned on.
  Tns error struct:
    ns main err code: 12564
    TNS-12564: TNS:connection refused
    ns secondary err code: 0
    nt main err code: 0
    nt secondary err code: 0
    nt OS err code: 0


***********************************************************************
Fatal NI connect error 12514, connecting to:
 (description=(address=(protocol=tcp)(host=kpabilscan)(port=1521))(connect_data=(service_name=prdcustap)(server=dedicated)(CID=(PROGRAM=perl@kpr01batch)(HOST=kpr01batch)(USER=prdwrk1))))

  VERSION INFORMATION:
	TNS for Linux: Version 11.2.0.2.0 - Production
	TCP/IP NT Protocol Adapter for Linux: Version 11.2.0.2.0 - Production
  Time: 06-MAY-2018 21:08:00
  Tracing not turned on.
  Tns error struct:
    ns main err code: 12564
    TNS-12564: TNS:connection refused
    ns secondary err code: 0
    nt main err code: 0
    nt secondary err code: 0
    nt OS err code: 0


***********************************************************************
Fatal NI connect error 12514, connecting to:
 (description=(address=(protocol=tcp)(host=kpabilscan)(port=1521))(connect_data=(service_name=prdcustap)(server=dedicated)(CID=(PROGRAM=perl@kpr01batch)(HOST=kpr01batch)(USER=prdwrk1))))

  VERSION INFORMATION:
	TNS for Linux: Version 11.2.0.2.0 - Production
	TCP/IP NT Protocol Adapter for Linux: Version 11.2.0.2.0 - Production
  Time: 06-MAY-2018 21:11:00
  Tracing not turned on.
  Tns error struct:
    ns main err code: 12564
    TNS-12564: TNS:connection refused
    ns secondary err code: 0
    nt main err code: 0
    nt secondary err code: 0
    nt OS err code: 0


***********************************************************************
Fatal NI connect error 12514, connecting to:
 (description=(address=(protocol=tcp)(host=kpabilscan)(port=1521))(connect_data=(service_name=prdcustap)(server=dedicated)(CID=(PROGRAM=perl@kpr01batch)(HOST=kpr01batch)(USER=prdwrk1))))

  VERSION INFORMATION:
	TNS for Linux: Version 11.2.0.2.0 - Production
	TCP/IP NT Protocol Adapter for Linux: Version 11.2.0.2.0 - Production
  Time: 06-MAY-2018 21:14:00
  Tracing not turned on.
  Tns error struct:
    ns main err code: 12564
    TNS-12564: TNS:connection refused
    ns secondary err code: 0
    nt main err code: 0
    nt secondary err code: 0
    nt OS err code: 0


***********************************************************************
Fatal NI connect error 12514, connecting to:
 (description=(address=(protocol=tcp)(host=kpabilscan)(port=1521))(connect_data=(service_name=prdcustap)(server=dedicated)(CID=(PROGRAM=perl@kpr01batch)(HOST=kpr01batch)(USER=prdwrk1))))

  VERSION INFORMATION:
	TNS for Linux: Version 11.2.0.2.0 - Production
	TCP/IP NT Protocol Adapter for Linux: Version 11.2.0.2.0 - Production
  Time: 06-MAY-2018 21:17:00
  Tracing not turned on.
  Tns error struct:
    ns main err code: 12564
    TNS-12564: TNS:connection refused
    ns secondary err code: 0
    nt main err code: 0
    nt secondary err code: 0
    nt OS err code: 0


***********************************************************************
Fatal NI connect error 12514, connecting to:
 (description=(address=(protocol=tcp)(host=kpabilscan)(port=1521))(connect_data=(service_name=prdcustap)(server=dedicated)(CID=(PROGRAM=perl@kpr01batch)(HOST=kpr01batch)(USER=prdwrk1))))

  VERSION INFORMATION:
	TNS for Linux: Version 11.2.0.2.0 - Production
	TCP/IP NT Protocol Adapter for Linux: Version 11.2.0.2.0 - Production
  Time: 06-MAY-2018 21:20:00
  Tracing not turned on.
  Tns error struct:
    ns main err code: 12564
    TNS-12564: TNS:connection refused
    ns secondary err code: 0
    nt main err code: 0
    nt secondary err code: 0
    nt OS err code: 0


***********************************************************************
Fatal NI connect error 12514, connecting to:
 (description=(address=(protocol=tcp)(host=kpabilscan)(port=1521))(connect_data=(service_name=prdcustap)(server=dedicated)(CID=(PROGRAM=perl@kpr01batch)(HOST=kpr01batch)(USER=prdwrk1))))

  VERSION INFORMATION:
	TNS for Linux: Version 11.2.0.2.0 - Production
	TCP/IP NT Protocol Adapter for Linux: Version 11.2.0.2.0 - Production
  Time: 06-MAY-2018 21:23:00
  Tracing not turned on.
  Tns error struct:
    ns main err code: 12564
    TNS-12564: TNS:connection refused
    ns secondary err code: 0
    nt main err code: 0
    nt secondary err code: 0
    nt OS err code: 0


***********************************************************************
Fatal NI connect error 12514, connecting to:
 (description=(address=(protocol=tcp)(host=kpabilscan)(port=1521))(connect_data=(service_name=prdcustap)(server=dedicated)(CID=(PROGRAM=perl@kpr01batch)(HOST=kpr01batch)(USER=prdwrk1))))

  VERSION INFORMATION:
	TNS for Linux: Version 11.2.0.2.0 - Production
	TCP/IP NT Protocol Adapter for Linux: Version 11.2.0.2.0 - Production
  Time: 06-MAY-2018 21:26:00
  Tracing not turned on.
  Tns error struct:
    ns main err code: 12564
    TNS-12564: TNS:connection refused
    ns secondary err code: 0
    nt main err code: 0
    nt secondary err code: 0
    nt OS err code: 0


***********************************************************************
Fatal NI connect error 12514, connecting to:
 (description=(address=(protocol=tcp)(host=kpabilscan)(port=1521))(connect_data=(service_name=prdcustap)(server=dedicated)(CID=(PROGRAM=perl@kpr01batch)(HOST=kpr01batch)(USER=prdwrk1))))

  VERSION INFORMATION:
	TNS for Linux: Version 11.2.0.2.0 - Production
	TCP/IP NT Protocol Adapter for Linux: Version 11.2.0.2.0 - Production
  Time: 06-MAY-2018 21:29:00
  Tracing not turned on.
  Tns error struct:
    ns main err code: 12564
    TNS-12564: TNS:connection refused
    ns secondary err code: 0
    nt main err code: 0
    nt secondary err code: 0
    nt OS err code: 0


***********************************************************************
Fatal NI connect error 12514, connecting to:
 (description=(address=(protocol=tcp)(host=kpabilscan)(port=1521))(connect_data=(service_name=prdcustap)(server=dedicated)(CID=(PROGRAM=perl@kpr01batch)(HOST=kpr01batch)(USER=prdwrk1))))

  VERSION INFORMATION:
	TNS for Linux: Version 11.2.0.2.0 - Production
	TCP/IP NT Protocol Adapter for Linux: Version 11.2.0.2.0 - Production
  Time: 06-MAY-2018 21:32:00
  Tracing not turned on.
  Tns error struct:
    ns main err code: 12564
    TNS-12564: TNS:connection refused
    ns secondary err code: 0
    nt main err code: 0
    nt secondary err code: 0
    nt OS err code: 0


***********************************************************************
Fatal NI connect error 12514, connecting to:
 (description=(address=(protocol=tcp)(host=kpabilscan)(port=1521))(connect_data=(service_name=prdcustap)(server=dedicated)(CID=(PROGRAM=perl@kpr01batch)(HOST=kpr01batch)(USER=prdwrk1))))

  VERSION INFORMATION:
	TNS for Linux: Version 11.2.0.2.0 - Production
	TCP/IP NT Protocol Adapter for Linux: Version 11.2.0.2.0 - Production
  Time: 06-MAY-2018 21:35:00
  Tracing not turned on.
  Tns error struct:
    ns main err code: 12564
    TNS-12564: TNS:connection refused
    ns secondary err code: 0
    nt main err code: 0
    nt secondary err code: 0
    nt OS err code: 0


***********************************************************************
Fatal NI connect error 12514, connecting to:
 (description=(address=(protocol=tcp)(host=kpabilscan)(port=1521))(connect_data=(service_name=prdcustap)(server=dedicated)(CID=(PROGRAM=perl@kpr01batch)(HOST=kpr01batch)(USER=prdwrk1))))

  VERSION INFORMATION:
	TNS for Linux: Version 11.2.0.2.0 - Production
	TCP/IP NT Protocol Adapter for Linux: Version 11.2.0.2.0 - Production
  Time: 06-MAY-2018 21:38:00
  Tracing not turned on.
  Tns error struct:
    ns main err code: 12564
    TNS-12564: TNS:connection refused
    ns secondary err code: 0
    nt main err code: 0
    nt secondary err code: 0
    nt OS err code: 0


***********************************************************************
Fatal NI connect error 12514, connecting to:
 (description=(address=(protocol=tcp)(host=kpabilscan)(port=1521))(connect_data=(service_name=prdcustap)(server=dedicated)(CID=(PROGRAM=perl@kpr01batch)(HOST=kpr01batch)(USER=prdwrk1))))

  VERSION INFORMATION:
	TNS for Linux: Version 11.2.0.2.0 - Production
	TCP/IP NT Protocol Adapter for Linux: Version 11.2.0.2.0 - Production
  Time: 06-MAY-2018 21:41:00
  Tracing not turned on.
  Tns error struct:
    ns main err code: 12564
    TNS-12564: TNS:connection refused
    ns secondary err code: 0
    nt main err code: 0
    nt secondary err code: 0
    nt OS err code: 0


***********************************************************************
Fatal NI connect error 12514, connecting to:
 (description=(address=(protocol=tcp)(host=kpabilscan)(port=1521))(connect_data=(service_name=prdcustap)(server=dedicated)(CID=(PROGRAM=perl@kpr01batch)(HOST=kpr01batch)(USER=prdwrk1))))

  VERSION INFORMATION:
	TNS for Linux: Version 11.2.0.2.0 - Production
	TCP/IP NT Protocol Adapter for Linux: Version 11.2.0.2.0 - Production
  Time: 06-MAY-2018 21:44:00
  Tracing not turned on.
  Tns error struct:
    ns main err code: 12564
    TNS-12564: TNS:connection refused
    ns secondary err code: 0
    nt main err code: 0
    nt secondary err code: 0
    nt OS err code: 0


***********************************************************************
Fatal NI connect error 12514, connecting to:
 (description=(address=(protocol=tcp)(host=kpabilscan)(port=1521))(connect_data=(service_name=prdafap)(server=dedicated)(CID=(PROGRAM=perl)(HOST=kpr01batch)(USER=prdwrk1))))

  VERSION INFORMATION:
	TNS for Linux: Version 11.2.0.2.0 - Production
	TCP/IP NT Protocol Adapter for Linux: Version 11.2.0.2.0 - Production
  Time: 06-MAY-2018 21:47:00
  Tracing not turned on.
  Tns error struct:
    ns main err code: 12564
    TNS-12564: TNS:connection refused
    ns secondary err code: 0
    nt main err code: 0
    nt secondary err code: 0
    nt OS err code: 0


***********************************************************************
Fatal NI connect error 12514, connecting to:
 (description=(address=(protocol=tcp)(host=kpabilscan)(port=1521))(connect_data=(service_name=prdcustap)(server=dedicated)(CID=(PROGRAM=perl@kpr01batch)(HOST=kpr01batch)(USER=prdwrk1))))

  VERSION INFORMATION:
	TNS for Linux: Version 11.2.0.2.0 - Production
	TCP/IP NT Protocol Adapter for Linux: Version 11.2.0.2.0 - Production
  Time: 26-MAY-2018 21:17:00
  Tracing not turned on.
  Tns error struct:
    ns main err code: 12564
    TNS-12564: TNS:connection refused
    ns secondary err code: 0
    nt main err code: 0
    nt secondary err code: 0
    nt OS err code: 0


***********************************************************************
Fatal NI connect error 12514, connecting to:
 (description=(address=(protocol=tcp)(host=kpabilscan)(port=1521))(connect_data=(service_name=prdcustap)(server=dedicated)(CID=(PROGRAM=perl@kpr01batch)(HOST=kpr01batch)(USER=prdwrk1))))

  VERSION INFORMATION:
	TNS for Linux: Version 11.2.0.2.0 - Production
	TCP/IP NT Protocol Adapter for Linux: Version 11.2.0.2.0 - Production
  Time: 26-MAY-2018 21:20:00
  Tracing not turned on.
  Tns error struct:
    ns main err code: 12564
    TNS-12564: TNS:connection refused
    ns secondary err code: 0
    nt main err code: 0
    nt secondary err code: 0
    nt OS err code: 0


***********************************************************************
Fatal NI connect error 12514, connecting to:
 (description=(address=(protocol=tcp)(host=kpabilscan)(port=1521))(connect_data=(service_name=prdcustap)(server=dedicated)(CID=(PROGRAM=perl@kpr01batch)(HOST=kpr01batch)(USER=prdwrk1))))

  VERSION INFORMATION:
	TNS for Linux: Version 11.2.0.2.0 - Production
	TCP/IP NT Protocol Adapter for Linux: Version 11.2.0.2.0 - Production
  Time: 26-MAY-2018 21:23:00
  Tracing not turned on.
  Tns error struct:
    ns main err code: 12564
    TNS-12564: TNS:connection refused
    ns secondary err code: 0
    nt main err code: 0
    nt secondary err code: 0
    nt OS err code: 0


***********************************************************************
Fatal NI connect error 12514, connecting to:
 (description=(address=(protocol=tcp)(host=kpabilscan)(port=1521))(connect_data=(service_name=prdcustap)(server=dedicated)(CID=(PROGRAM=perl@kpr01batch)(HOST=kpr01batch)(USER=prdwrk1))))

  VERSION INFORMATION:
	TNS for Linux: Version 11.2.0.2.0 - Production
	TCP/IP NT Protocol Adapter for Linux: Version 11.2.0.2.0 - Production
  Time: 26-MAY-2018 21:26:00
  Tracing not turned on.
  Tns error struct:
    ns main err code: 12564
    TNS-12564: TNS:connection refused
    ns secondary err code: 0
    nt main err code: 0
    nt secondary err code: 0
    nt OS err code: 0


***********************************************************************
Fatal NI connect error 12514, connecting to:
 (description=(address=(protocol=tcp)(host=kpabilscan)(port=1521))(connect_data=(service_name=prdcustap)(server=dedicated)(CID=(PROGRAM=perl@kpr01batch)(HOST=kpr01batch)(USER=prdwrk1))))

  VERSION INFORMATION:
	TNS for Linux: Version 11.2.0.2.0 - Production
	TCP/IP NT Protocol Adapter for Linux: Version 11.2.0.2.0 - Production
  Time: 26-MAY-2018 21:29:00
  Tracing not turned on.
  Tns error struct:
    ns main err code: 12564
    TNS-12564: TNS:connection refused
    ns secondary err code: 0
    nt main err code: 0
    nt secondary err code: 0
    nt OS err code: 0


***********************************************************************
Fatal NI connect error 12514, connecting to:
 (description=(address=(protocol=tcp)(host=kpabilscan)(port=1521))(connect_data=(service_name=prdcustap)(server=dedicated)(CID=(PROGRAM=perl@kpr01batch)(HOST=kpr01batch)(USER=prdwrk1))))

  VERSION INFORMATION:
	TNS for Linux: Version 11.2.0.2.0 - Production
	TCP/IP NT Protocol Adapter for Linux: Version 11.2.0.2.0 - Production
  Time: 26-MAY-2018 21:32:00
  Tracing not turned on.
  Tns error struct:
    ns main err code: 12564
    TNS-12564: TNS:connection refused
    ns secondary err code: 0
    nt main err code: 0
    nt secondary err code: 0
    nt OS err code: 0


***********************************************************************
Fatal NI connect error 12514, connecting to:
 (description=(address=(protocol=tcp)(host=kpabilscan)(port=1521))(connect_data=(service_name=prdcustap)(server=dedicated)(CID=(PROGRAM=perl@kpr01batch)(HOST=kpr01batch)(USER=prdwrk1))))

  VERSION INFORMATION:
	TNS for Linux: Version 11.2.0.2.0 - Production
	TCP/IP NT Protocol Adapter for Linux: Version 11.2.0.2.0 - Production
  Time: 26-MAY-2018 21:35:00
  Tracing not turned on.
  Tns error struct:
    ns main err code: 12564
    TNS-12564: TNS:connection refused
    ns secondary err code: 0
    nt main err code: 0
    nt secondary err code: 0
    nt OS err code: 0


***********************************************************************
Fatal NI connect error 12514, connecting to:
 (description=(address=(protocol=tcp)(host=kpabilscan)(port=1521))(connect_data=(service_name=prdcustap)(server=dedicated)(CID=(PROGRAM=perl@kpr01batch)(HOST=kpr01batch)(USER=prdwrk1))))

  VERSION INFORMATION:
	TNS for Linux: Version 11.2.0.2.0 - Production
	TCP/IP NT Protocol Adapter for Linux: Version 11.2.0.2.0 - Production
  Time: 26-MAY-2018 21:38:00
  Tracing not turned on.
  Tns error struct:
    ns main err code: 12564
    TNS-12564: TNS:connection refused
    ns secondary err code: 0
    nt main err code: 0
    nt secondary err code: 0
    nt OS err code: 0


***********************************************************************
Fatal NI connect error 12514, connecting to:
 (description=(address=(protocol=tcp)(host=kpabilscan)(port=1521))(connect_data=(service_name=prdcustap)(server=dedicated)(CID=(PROGRAM=perl@kpr01batch)(HOST=kpr01batch)(USER=prdwrk1))))

  VERSION INFORMATION:
	TNS for Linux: Version 11.2.0.2.0 - Production
	TCP/IP NT Protocol Adapter for Linux: Version 11.2.0.2.0 - Production
  Time: 26-MAY-2018 21:41:00
  Tracing not turned on.
  Tns error struct:
    ns main err code: 12564
    TNS-12564: TNS:connection refused
    ns secondary err code: 0
    nt main err code: 0
    nt secondary err code: 0
    nt OS err code: 0


***********************************************************************
Fatal NI connect error 12514, connecting to:
 (description=(address=(protocol=tcp)(host=kpabilscan)(port=1521))(connect_data=(service_name=prdcustap)(server=dedicated)(CID=(PROGRAM=perl@kpr01batch)(HOST=kpr01batch)(USER=prdwrk1))))

  VERSION INFORMATION:
	TNS for Linux: Version 11.2.0.2.0 - Production
	TCP/IP NT Protocol Adapter for Linux: Version 11.2.0.2.0 - Production
  Time: 26-MAY-2018 21:44:00
  Tracing not turned on.
  Tns error struct:
    ns main err code: 12564
    TNS-12564: TNS:connection refused
    ns secondary err code: 0
    nt main err code: 0
    nt secondary err code: 0
    nt OS err code: 0


***********************************************************************
Fatal NI connect error 12514, connecting to:
 (description=(address=(protocol=tcp)(host=kpabilscan)(port=1521))(connect_data=(service_name=prdcustap)(server=dedicated)(CID=(PROGRAM=perl@kpr01batch)(HOST=kpr01batch)(USER=prdwrk1))))

  VERSION INFORMATION:
	TNS for Linux: Version 11.2.0.2.0 - Production
	TCP/IP NT Protocol Adapter for Linux: Version 11.2.0.2.0 - Production
  Time: 26-MAY-2018 21:47:00
  Tracing not turned on.
  Tns error struct:
    ns main err code: 12564
    TNS-12564: TNS:connection refused
    ns secondary err code: 0
    nt main err code: 0
    nt secondary err code: 0
    nt OS err code: 0


***********************************************************************
Fatal NI connect error 12514, connecting to:
 (description=(address=(protocol=tcp)(host=kpabilscan)(port=1521))(connect_data=(service_name=prdcustap)(server=dedicated)(CID=(PROGRAM=perl@kpr01batch)(HOST=kpr01batch)(USER=prdwrk1))))

  VERSION INFORMATION:
	TNS for Linux: Version 11.2.0.2.0 - Production
	TCP/IP NT Protocol Adapter for Linux: Version 11.2.0.2.0 - Production
  Time: 26-MAY-2018 21:50:00
  Tracing not turned on.
  Tns error struct:
    ns main err code: 12564
    TNS-12564: TNS:connection refused
    ns secondary err code: 0
    nt main err code: 0
    nt secondary err code: 0
    nt OS err code: 0


***********************************************************************
Fatal NI connect error 12514, connecting to:
 (description=(address=(protocol=tcp)(host=kpabilscan)(port=1521))(connect_data=(service_name=prdafap)(server=dedicated)(CID=(PROGRAM=perl)(HOST=kpr01batch)(USER=prdwrk1))))

  VERSION INFORMATION:
	TNS for Linux: Version 11.2.0.2.0 - Production
	TCP/IP NT Protocol Adapter for Linux: Version 11.2.0.2.0 - Production
  Time: 26-MAY-2018 21:53:00
  Tracing not turned on.
  Tns error struct:
    ns main err code: 12564
    TNS-12564: TNS:connection refused
    ns secondary err code: 0
    nt main err code: 0
    nt secondary err code: 0
    nt OS err code: 0
